
Detector #1      ACQ 09-X-2012 at 14:47:50   RT = 2403.9   LT = 2377.9
            MCB 130
            No sample description was entered
ROI#   RANGE( keV)    GROSS      NET   +/-  CENTROID  FWHM FW(1/5)M LIBRARY ( keV)       cA    +/-
 1  334.46  363.27    19075      863   445   356.09   0.86   1.34   Kr-89   356.16      8.64   4.46
 2  406.49  424.19     9975      684   243   416.88   1.45   2.10   J-133   417.60    186.79  66.36
 3  497.87  526.69    14038     1116   375   510.95   2.68   4.23   Y-88    511.00    111.74  37.55
 4  598.72  612.31     5697      212   160   609.43   1.36   2.13   Bi-214  609.31      0.20   0.15
 5  651.00  676.11    10058      582   298   661.73   1.37   2.05   Cs-137  661.66      0.29   0.15
 6  828.01  878.23    19106     -492   617   856.83   0.43   1.40   Sb-126  856.70      0.00   1.47
 7 1084.89 1103.42    10306      784   253  1097.17   1.47   2.40   Fe-59  1099.25      0.58   0.19
 8 1281.69 1306.80     4846      475   203  1293.40   1.84   2.92   Ar-41  1294.00      0.20   0.09
 9 1351.26 1387.91    41603    36443   329  1368.50   1.87   2.90   Sb-124 1368.16    584.96   5.28
10 1444.31 1475.19     4475      992   204  1460.77   1.79   2.73   K-40   1460.75      3.90   0.80
11 1624.24 1664.18     5727     2036   242  1642.51   1.88   3.10   Cl-38  1643.00      2.68   0.32
12 1717.71 1741.18     8251     5167   178  1731.84   2.06   3.27   Bi-214 1729.59     75.45   2.60
13 1751.06 1773.30     3146      121   157  1765.02   0.65   2.90   Bi-214 1764.49      0.33   0.43
14 2152.55 2181.79     5221     1477   206  2167.28   2.28   3.28   Cl-38  2167.00      1.46   0.20
15 2225.03 2259.21     8227     3761   248  2242.77   3.16   5.08   Xe-138 2252.26     69.07   4.55
16 2739.82 2762.89    17555    17118   144  2753.82   2.49   3.85   Na-24  2754.00      7.20   0.06