

*******************************************************************************
Sun Feb 26 17:19:13 2012


FIT:    data read from "./g1.g"
        format = z
        #datapoints = 12
        residuals are weighted equally (unit weight)

function used for fitting: f(x)
fitted parameters initialized with current variable values



 Iteration 0
 WSSR        : 3.5111e+06        delta(WSSR)/WSSR   : 0
 delta(WSSR) : 0                 limit for stopping : 1e-05
 lambda	  : 14.0646

initial set of free parameter values

a               = 1
b               = 1

After 5 iterations the fit converged.
final sum of squares of residuals : 26.6644
rel. change during last iteration : -1.95328e-09

degrees of freedom    (FIT_NDF)                        : 10
rms of residuals      (FIT_STDFIT) = sqrt(WSSR/ndf)    : 1.63292
variance of residuals (reduced chisquare) = WSSR/ndf   : 2.66644

Final set of parameters            Asymptotic Standard Error
=======================            ==========================

a               = 27.3829          +/- 0.1369       (0.4998%)
b               = 18.0651          +/- 2.719        (15.05%)


correlation matrix of the fit parameters:

               a      b      
a               1.000 
b              -0.985  1.000 


*******************************************************************************
Sun Feb 26 17:27:07 2012


FIT:    data read from "g1.g" u 2:1
        format = x:z
        #datapoints = 12
        residuals are weighted equally (unit weight)

function used for fitting: f(x)
fitted parameters initialized with current variable values



 Iteration 0
 WSSR        : 3.53674e+06       delta(WSSR)/WSSR   : 0
 delta(WSSR) : 0                 limit for stopping : 1e-05
 lambda	  : 397.231

initial set of free parameter values

a               = 1
b               = 1

After 7 iterations the fit converged.
final sum of squares of residuals : 0.035552
rel. change during last iteration : -1.19253e-13

degrees of freedom    (FIT_NDF)                        : 10
rms of residuals      (FIT_STDFIT) = sqrt(WSSR/ndf)    : 0.0596255
variance of residuals (reduced chisquare) = WSSR/ndf   : 0.0035552

Final set of parameters            Asymptotic Standard Error
=======================            ==========================

a               = 0.03651          +/- 0.0001825    (0.4998%)
b               = -0.654669        +/- 0.1025       (15.66%)


correlation matrix of the fit parameters:

               a      b      
a               1.000 
b              -0.986  1.000 


*******************************************************************************
Sun Feb 26 17:28:02 2012


FIT:    data read from "g1.g" u 2:1
        format = x:z
        #datapoints = 12
        residuals are weighted equally (unit weight)

function used for fitting: f(x)
fitted parameters initialized with current variable values



 Iteration 0
 WSSR        : 0.035552          delta(WSSR)/WSSR   : 0
 delta(WSSR) : 0                 limit for stopping : 1e-05
 lambda	  : 397.231

initial set of free parameter values

a               = 0.03651
b               = -0.654669

After 1 iterations the fit converged.
final sum of squares of residuals : 0.035552
rel. change during last iteration : 0

degrees of freedom    (FIT_NDF)                        : 10
rms of residuals      (FIT_STDFIT) = sqrt(WSSR/ndf)    : 0.0596255
variance of residuals (reduced chisquare) = WSSR/ndf   : 0.0035552

Final set of parameters            Asymptotic Standard Error
=======================            ==========================

a               = 0.03651          +/- 0.0001825    (0.4998%)
b               = -0.654669        +/- 0.1025       (15.66%)


correlation matrix of the fit parameters:

               a      b      
a               1.000 
b              -0.986  1.000 
