

*******************************************************************************
Sun Nov 20 19:22:27 2011


FIT:    data read from "./g1.dat"
        format = z
BREAK:          No data to fit 



*******************************************************************************
Sun Nov 20 19:22:36 2011


FIT:    data read from "./g1.dat"
        format = z
        #datapoints = 4
        residuals are weighted equally (unit weight)

function used for fitting: f(x)
fitted parameters initialized with current variable values



 Iteration 0
 WSSR        : 8.835             delta(WSSR)/WSSR   : 0
 delta(WSSR) : 0                 limit for stopping : 1e-05
 lambda	  : 0.940412

initial set of free parameter values

a               = 1
b               = 1

After 5 iterations the fit converged.
final sum of squares of residuals : 0.0045
rel. change during last iteration : -3.10523e-11

degrees of freedom    (FIT_NDF)                        : 2
rms of residuals      (FIT_STDFIT) = sqrt(WSSR/ndf)    : 0.0474342
variance of residuals (reduced chisquare) = WSSR/ndf   : 0.00225

Final set of parameters            Asymptotic Standard Error
=======================            ==========================

a               = -3.275           +/- 0.372        (11.36%)
b               = 4.2              +/- 0.4243       (10.1%)


correlation matrix of the fit parameters:

               a      b      
a               1.000 
b              -0.998  1.000 


*******************************************************************************
Sun Nov 20 19:41:37 2011


FIT:    data read from "./g2.dat"
        format = z
        #datapoints = 3
        residuals are weighted equally (unit weight)

function used for fitting: f(x)
fitted parameters initialized with current variable values



 Iteration 0
 WSSR        : 2029.83           delta(WSSR)/WSSR   : 0
 delta(WSSR) : 0                 limit for stopping : 1e-05
 lambda	  : 5.07009

initial set of free parameter values

a               = -3.275
b               = 4.2

After 6 iterations the fit converged.
final sum of squares of residuals : 0.00166667
rel. change during last iteration : -4.83793e-06

degrees of freedom    (FIT_NDF)                        : 1
rms of residuals      (FIT_STDFIT) = sqrt(WSSR/ndf)    : 0.0408248
variance of residuals (reduced chisquare) = WSSR/ndf   : 0.00166667

Final set of parameters            Asymptotic Standard Error
=======================            ==========================

a               = -20.7667         +/- 4.099        (19.74%)
b               = 3                +/- 0.5774       (19.25%)


correlation matrix of the fit parameters:

               a      b      
a               1.000 
b              -1.000  1.000 
