

*******************************************************************************
Mon Dec 17 20:23:59 2012


FIT:    data read from "G1.dat" u 1:3
        format = x:z
        #datapoints = 6
        residuals are weighted equally (unit weight)

function used for fitting: f(x)
fitted parameters initialized with current variable values



 Iteration 0
 WSSR        : 3.17122e+17       delta(WSSR)/WSSR   : 0
 delta(WSSR) : 0                 limit for stopping : 1e-05
 lambda	  : 9.19124e+07

initial set of free parameter values

a               = 1
b               = 1
c               = 1
d               = 1
e               = 1
f               = 1

After 21 iterations the fit converged.
final sum of squares of residuals : 3.76726e-23
rel. change during last iteration : 0


Exactly as many data points as there are parameters.
In this degenerate case, all errors are zero by definition.

Final set of parameters 
======================= 

a               = -2.91984e-05   
b               = 0.00661009     
c               = -0.597929      
d               = 27.0126        
e               = -609.435       
f               = 5493.04        


*******************************************************************************
Mon Dec 17 20:24:14 2012


FIT:    data read from "G1.dat" u 1:3
        format = x:z
        #datapoints = 6
        residuals are weighted equally (unit weight)

function used for fitting: f(x)
fitted parameters initialized with current variable values



 Iteration 0
 WSSR        : 3.76726e-23       delta(WSSR)/WSSR   : 0
 delta(WSSR) : 0                 limit for stopping : 1e-05
 lambda	  : 9.19124e+07

initial set of free parameter values

a               = -2.91984e-05
b               = 0.00661009
c               = -0.597929
d               = 27.0126
e               = -609.435
f               = 5493.04

After 1 iterations the fit converged.
final sum of squares of residuals : 3.76726e-23
rel. change during last iteration : 0


Exactly as many data points as there are parameters.
In this degenerate case, all errors are zero by definition.

Final set of parameters 
======================= 

a               = -2.91984e-05   
b               = 0.00661009     
c               = -0.597929      
d               = 27.0126        
e               = -609.435       
f               = 5493.04        


*******************************************************************************
Mon Dec 17 20:26:33 2012


FIT:    data read from "G1.dat" u 1:3
        format = x:z
        #datapoints = 6
        residuals are weighted equally (unit weight)

function used for fitting: f(x)
fitted parameters initialized with current variable values



 Iteration 0
 WSSR        : 3.76726e-23       delta(WSSR)/WSSR   : 0
 delta(WSSR) : 0                 limit for stopping : 1e-05
 lambda	  : 9.19124e+07

initial set of free parameter values

a               = -2.91984e-05
b               = 0.00661009
c               = -0.597929
d               = 27.0126
e               = -609.435
f               = 5493.04

After 1 iterations the fit converged.
final sum of squares of residuals : 3.76726e-23
rel. change during last iteration : 0


Exactly as many data points as there are parameters.
In this degenerate case, all errors are zero by definition.

Final set of parameters 
======================= 

a               = -2.91984e-05   
b               = 0.00661009     
c               = -0.597929      
d               = 27.0126        
e               = -609.435       
f               = 5493.04        


*******************************************************************************
Mon Dec 17 20:27:08 2012


FIT:    data read from "G1.dat" u 1:3
        format = x:z
        #datapoints = 6
        residuals are weighted equally (unit weight)

function used for fitting: f(x)
fitted parameters initialized with current variable values



 Iteration 0
 WSSR        : 3.76726e-23       delta(WSSR)/WSSR   : 0
 delta(WSSR) : 0                 limit for stopping : 1e-05
 lambda	  : 9.19124e+07

initial set of free parameter values

a               = -2.91984e-05
b               = 0.00661009
c               = -0.597929
d               = 27.0126
e               = -609.435
f               = 5493.04

After 1 iterations the fit converged.
final sum of squares of residuals : 3.76726e-23
rel. change during last iteration : 0


Exactly as many data points as there are parameters.
In this degenerate case, all errors are zero by definition.

Final set of parameters 
======================= 

a               = -2.91984e-05   
b               = 0.00661009     
c               = -0.597929      
d               = 27.0126        
e               = -609.435       
f               = 5493.04        


*******************************************************************************
Mon Dec 17 22:23:00 2012


FIT:    data read from "G1.dat" u 1:3
        format = x:z
        #datapoints = 6
        residuals are weighted equally (unit weight)

function used for fitting: f(x)
fitted parameters initialized with current variable values



 Iteration 0
 WSSR        : 3.17122e+17       delta(WSSR)/WSSR   : 0
 delta(WSSR) : 0                 limit for stopping : 1e-05
 lambda	  : 9.19124e+07

initial set of free parameter values

a               = 1
b               = 1
c               = 1
d               = 1
e               = 1
f               = 1

After 21 iterations the fit converged.
final sum of squares of residuals : 3.76726e-23
rel. change during last iteration : 0


Exactly as many data points as there are parameters.
In this degenerate case, all errors are zero by definition.

Final set of parameters 
======================= 

a               = -2.91984e-05   
b               = 0.00661009     
c               = -0.597929      
d               = 27.0126        
e               = -609.435       
f               = 5493.04        
