

*******************************************************************************
Sun Nov  6 12:13:51 2011


FIT:    data read from "g1.dat" u 1:2:3
        format = x:z:s
        #datapoints = 20
function used for fitting: f(x)
fitted parameters initialized with current variable values



*******************************************************************************
Sun Nov  6 12:14:01 2011


FIT:    data read from "g1.dat" u 1:2:3
        format = x:z:s
        #datapoints = 20
function used for fitting: f(x)
fitted parameters initialized with current variable values



 Iteration 0
 WSSR        : 376525            delta(WSSR)/WSSR   : 0
 delta(WSSR) : 0                 limit for stopping : 1e-05
 lambda	  : 22.7279

initial set of free parameter values

A               = 1
B               = 1

After 4 iterations the fit converged.
final sum of squares of residuals : 2920.66
rel. change during last iteration : -1.78045e-11

degrees of freedom    (FIT_NDF)                        : 18
rms of residuals      (FIT_STDFIT) = sqrt(WSSR/ndf)    : 12.7381
variance of residuals (reduced chisquare) = WSSR/ndf   : 162.259

Final set of parameters            Asymptotic Standard Error
=======================            ==========================

A               = -4.22828         +/- 0.5278       (12.48%)
B               = 10.4206          +/- 0.4265       (4.093%)


correlation matrix of the fit parameters:

               A      B      
A               1.000 
B              -0.964  1.000 


*******************************************************************************
Sun Nov  6 12:14:35 2011


FIT:    data read from "g1.dat" u 1:2:3
        format = x:z:s
        #datapoints = 20
function used for fitting: f(x)
fitted parameters initialized with current variable values



 Iteration 0
 WSSR        : 2920.66           delta(WSSR)/WSSR   : 0
 delta(WSSR) : 0                 limit for stopping : 1e-05
 lambda	  : 22.6274

initial set of free parameter values

A               = -4.22828
B               = 10.4206
C               = 1

After 15 iterations the fit converged.
final sum of squares of residuals : 80.2258
rel. change during last iteration : -1.38975e-06

degrees of freedom    (FIT_NDF)                        : 17
rms of residuals      (FIT_STDFIT) = sqrt(WSSR/ndf)    : 2.17236
variance of residuals (reduced chisquare) = WSSR/ndf   : 4.71917

Final set of parameters            Asymptotic Standard Error
=======================            ==========================

A               = -3.02382         +/- 0.06171      (2.041%)
B               = 8.2217           +/- 0.03267      (0.3974%)
C               = 9.97205          +/- 0.4844       (4.858%)


correlation matrix of the fit parameters:

               A      B      C      
A               1.000 
B              -0.395  1.000 
C              -0.381 -0.497  1.000 


*******************************************************************************
Sun Nov  6 12:15:22 2011


FIT:    data read from "g1.dat" u 1:2:3
        format = x:z:s
        #datapoints = 20
function used for fitting: f(x)
fitted parameters initialized with current variable values



 Iteration 0
 WSSR        : 80.2258           delta(WSSR)/WSSR   : 0
 delta(WSSR) : 0                 limit for stopping : 1e-05
 lambda	  : 16.1456

initial set of free parameter values

A               = -3.02382
B               = 8.2217
C               = 9.97205

After 1 iterations the fit converged.
final sum of squares of residuals : 80.2258
rel. change during last iteration : -1.41708e-15

degrees of freedom    (FIT_NDF)                        : 17
rms of residuals      (FIT_STDFIT) = sqrt(WSSR/ndf)    : 2.17236
variance of residuals (reduced chisquare) = WSSR/ndf   : 4.71917

Final set of parameters            Asymptotic Standard Error
=======================            ==========================

A               = -3.02382         +/- 0.06171      (2.041%)
B               = 8.2217           +/- 0.03267      (0.3974%)
C               = 9.97205          +/- 0.4844       (4.858%)


correlation matrix of the fit parameters:

               A      B      C      
A               1.000 
B              -0.395  1.000 
C              -0.381 -0.497  1.000 


*******************************************************************************
Sun Nov  6 12:15:37 2011


FIT:    data read from "g1.dat" u 1:2:3
        format = x:z:s
        #datapoints = 20
function used for fitting: f(x)
fitted parameters initialized with current variable values



 Iteration 0
 WSSR        : 80.2258           delta(WSSR)/WSSR   : 0
 delta(WSSR) : 0                 limit for stopping : 1e-05
 lambda	  : 16.1456

initial set of free parameter values

A               = -3.02382
B               = 8.2217
C               = 9.97205

After 1 iterations the fit converged.
final sum of squares of residuals : 80.2258
rel. change during last iteration : -1.77136e-16

degrees of freedom    (FIT_NDF)                        : 17
rms of residuals      (FIT_STDFIT) = sqrt(WSSR/ndf)    : 2.17236
variance of residuals (reduced chisquare) = WSSR/ndf   : 4.71917

Final set of parameters            Asymptotic Standard Error
=======================            ==========================

A               = -3.02382         +/- 0.06171      (2.041%)
B               = 8.2217           +/- 0.03267      (0.3974%)
C               = 9.97205          +/- 0.4844       (4.858%)


correlation matrix of the fit parameters:

               A      B      C      
A               1.000 
B              -0.395  1.000 
C              -0.381 -0.497  1.000 


*******************************************************************************
Sun Nov  6 12:16:54 2011


FIT:    data read from "g1.dat" u 1:2:3
        format = x:z:s
        #datapoints = 20
function used for fitting: g(x)
fitted parameters initialized with current variable values



 Iteration 0
 WSSR        : 367862            delta(WSSR)/WSSR   : 0
 delta(WSSR) : 0                 limit for stopping : 1e-05
 lambda	  : 16.222

initial set of free parameter values

a               = 1
b               = 1
c               = 1
d               = 1

After 5 iterations the fit converged.
final sum of squares of residuals : 697.799
rel. change during last iteration : -2.88046e-13

degrees of freedom    (FIT_NDF)                        : 16
rms of residuals      (FIT_STDFIT) = sqrt(WSSR/ndf)    : 6.60397
variance of residuals (reduced chisquare) = WSSR/ndf   : 43.6124

Final set of parameters            Asymptotic Standard Error
=======================            ==========================

a               = 5.64875          +/- 0.1161       (2.056%)
b               = 13.7059          +/- 1.528        (11.15%)
c               = -19.914          +/- 3.321        (16.68%)
d               = 4.54485          +/- 1.036        (22.78%)


correlation matrix of the fit parameters:

               a      b      c      d      
a               1.000 
b              -0.755  1.000 
c               0.646 -0.966  1.000 
d              -0.552  0.886 -0.973  1.000 


*******************************************************************************
Sun Nov  6 12:16:54 2011


FIT:    data read from "g1.dat" u 1:2:3
        format = x:z:s
        #datapoints = 20
function used for fitting: f(x)
fitted parameters initialized with current variable values



 Iteration 0
 WSSR        : 80.2258           delta(WSSR)/WSSR   : 0
 delta(WSSR) : 0                 limit for stopping : 1e-05
 lambda	  : 16.1456

initial set of free parameter values

A               = -3.02382
B               = 8.2217
C               = 9.97205

After 1 iterations the fit converged.
final sum of squares of residuals : 80.2258
rel. change during last iteration : -8.85678e-16

degrees of freedom    (FIT_NDF)                        : 17
rms of residuals      (FIT_STDFIT) = sqrt(WSSR/ndf)    : 2.17236
variance of residuals (reduced chisquare) = WSSR/ndf   : 4.71917

Final set of parameters            Asymptotic Standard Error
=======================            ==========================

A               = -3.02382         +/- 0.06171      (2.041%)
B               = 8.2217           +/- 0.03267      (0.3974%)
C               = 9.97205          +/- 0.4844       (4.858%)


correlation matrix of the fit parameters:

               A      B      C      
A               1.000 
B              -0.395  1.000 
C              -0.381 -0.497  1.000 


*******************************************************************************
Sun Nov  6 12:17:21 2011


FIT:    data read from "g1.dat" u 1:2:3
        format = x:z:s
        #datapoints = 20
function used for fitting: g(x)
fitted parameters initialized with current variable values



 Iteration 0
 WSSR        : 94575.5           delta(WSSR)/WSSR   : 0
 delta(WSSR) : 0                 limit for stopping : 1e-05
 lambda	  : 19.3158

initial set of free parameter values

a               = 5.64875
b               = 13.7059

After 3 iterations the fit converged.
final sum of squares of residuals : 16249.1
rel. change during last iteration : -1.70936e-06

degrees of freedom    (FIT_NDF)                        : 18
rms of residuals      (FIT_STDFIT) = sqrt(WSSR/ndf)    : 30.0454
variance of residuals (reduced chisquare) = WSSR/ndf   : 902.726

Final set of parameters            Asymptotic Standard Error
=======================            ==========================

a               = 4.93234          +/- 0.3645       (7.39%)
b               = 20.3613          +/- 0.8277       (4.065%)


correlation matrix of the fit parameters:

               a      b      
a               1.000 
b              -0.676  1.000 


*******************************************************************************
Sun Nov  6 12:17:21 2011


FIT:    data read from "g1.dat" u 1:2:3
        format = x:z:s
        #datapoints = 20
function used for fitting: f(x)
fitted parameters initialized with current variable values



 Iteration 0
 WSSR        : 80.2258           delta(WSSR)/WSSR   : 0
 delta(WSSR) : 0                 limit for stopping : 1e-05
 lambda	  : 16.1456

initial set of free parameter values

A               = -3.02382
B               = 8.2217
C               = 9.97205

After 1 iterations the fit converged.
final sum of squares of residuals : 80.2258
rel. change during last iteration : -3.54271e-16

degrees of freedom    (FIT_NDF)                        : 17
rms of residuals      (FIT_STDFIT) = sqrt(WSSR/ndf)    : 2.17236
variance of residuals (reduced chisquare) = WSSR/ndf   : 4.71917

Final set of parameters            Asymptotic Standard Error
=======================            ==========================

A               = -3.02382         +/- 0.06171      (2.041%)
B               = 8.2217           +/- 0.03267      (0.3974%)
C               = 9.97205          +/- 0.4844       (4.858%)


correlation matrix of the fit parameters:

               A      B      C      
A               1.000 
B              -0.395  1.000 
C              -0.381 -0.497  1.000 


*******************************************************************************
Sun Nov  6 12:18:21 2011


FIT:    data read from "g1.dat" u 1:2:3
        format = x:z:s
        #datapoints = 20
function used for fitting: f(x)
fitted parameters initialized with current variable values



 Iteration 0
 WSSR        : 487757            delta(WSSR)/WSSR   : 0
 delta(WSSR) : 0                 limit for stopping : 1e-05
 lambda	  : 21.2779

initial set of free parameter values

A               = -3.02382
B               = 8.2217
C               = 9.97205

After 5 iterations the fit converged.
final sum of squares of residuals : 893.503
rel. change during last iteration : -2.52591e-12

degrees of freedom    (FIT_NDF)                        : 17
rms of residuals      (FIT_STDFIT) = sqrt(WSSR/ndf)    : 7.24976
variance of residuals (reduced chisquare) = WSSR/ndf   : 52.559

Final set of parameters            Asymptotic Standard Error
=======================            ==========================

A               = 14.6502          +/- 3.055        (20.85%)
B               = 4.44987          +/- 0.9916       (22.28%)
C               = -13.3696         +/- 2.153        (16.1%)


correlation matrix of the fit parameters:

               A      B      C      
A               1.000 
B              -0.988  1.000 
C              -0.995  0.970  1.000 


*******************************************************************************
Sun Nov  6 12:18:42 2011


FIT:    data read from "g1.dat" u 1:2:3
        format = x:z:s
        #datapoints = 20
function used for fitting: f(x)
fitted parameters initialized with current variable values



 Iteration 0
 WSSR        : 459869            delta(WSSR)/WSSR   : 0
 delta(WSSR) : 0                 limit for stopping : 1e-05
 lambda	  : 16.2291

initial set of free parameter values

A               = 14.6502
B               = 4.44987
C               = -13.3696

After 7 iterations the fit converged.
final sum of squares of residuals : 80.2258
rel. change during last iteration : -6.83378e-08

degrees of freedom    (FIT_NDF)                        : 17
rms of residuals      (FIT_STDFIT) = sqrt(WSSR/ndf)    : 2.17236
variance of residuals (reduced chisquare) = WSSR/ndf   : 4.71917

Final set of parameters            Asymptotic Standard Error
=======================            ==========================

A               = -3.02383         +/- 0.06171      (2.041%)
B               = 8.2217           +/- 0.03267      (0.3974%)
C               = -9.97223         +/- 0.4844       (4.858%)


correlation matrix of the fit parameters:

               A      B      C      
A               1.000 
B              -0.395  1.000 
C               0.381  0.497  1.000 


*******************************************************************************
Sun Nov  6 12:20:45 2011


FIT:    data read from "g1.dat" u 1:2:3
        format = x:z:s
        #datapoints = 20
function used for fitting: f(x)
fitted parameters initialized with current variable values



 Iteration 0
 WSSR        : 80.2258           delta(WSSR)/WSSR   : 0
 delta(WSSR) : 0                 limit for stopping : 1e-05
 lambda	  : 16.1456

initial set of free parameter values

A               = -3.02383
B               = 8.2217
C               = -9.97223

After 1 iterations the fit converged.
final sum of squares of residuals : 80.2258
rel. change during last iteration : -3.89698e-15

degrees of freedom    (FIT_NDF)                        : 17
rms of residuals      (FIT_STDFIT) = sqrt(WSSR/ndf)    : 2.17236
variance of residuals (reduced chisquare) = WSSR/ndf   : 4.71917

Final set of parameters            Asymptotic Standard Error
=======================            ==========================

A               = -3.02383         +/- 0.06171      (2.041%)
B               = 8.2217           +/- 0.03267      (0.3974%)
C               = -9.97223         +/- 0.4844       (4.858%)


correlation matrix of the fit parameters:

               A      B      C      
A               1.000 
B              -0.395  1.000 
C               0.381  0.497  1.000 


*******************************************************************************
Sun Nov  6 12:21:46 2011


FIT:    data read from "g1.dat" u 1:2:3
        format = x:z:s
        #datapoints = 20
function used for fitting: f(x)
fitted parameters initialized with current variable values



 Iteration 0
 WSSR        : 80.2258           delta(WSSR)/WSSR   : 0
 delta(WSSR) : 0                 limit for stopping : 1e-05
 lambda	  : 16.1456

initial set of free parameter values

A               = -3.02383
B               = 8.2217
C               = -9.97223

After 1 iterations the fit converged.
final sum of squares of residuals : 80.2258
rel. change during last iteration : 0

degrees of freedom    (FIT_NDF)                        : 17
rms of residuals      (FIT_STDFIT) = sqrt(WSSR/ndf)    : 2.17236
variance of residuals (reduced chisquare) = WSSR/ndf   : 4.71917

Final set of parameters            Asymptotic Standard Error
=======================            ==========================

A               = -3.02383         +/- 0.06171      (2.041%)
B               = 8.2217           +/- 0.03267      (0.3974%)
C               = -9.97223         +/- 0.4844       (4.858%)


correlation matrix of the fit parameters:

               A      B      C      
A               1.000 
B              -0.395  1.000 
C               0.381  0.497  1.000 


*******************************************************************************
Sun Nov  6 12:22:14 2011


FIT:    data read from "g1.dat" u 1:2:3
        format = x:z:s
        #datapoints = 20
function used for fitting: f(x)
fitted parameters initialized with current variable values



 Iteration 0
 WSSR        : 80.2258           delta(WSSR)/WSSR   : 0
 delta(WSSR) : 0                 limit for stopping : 1e-05
 lambda	  : 16.1456

initial set of free parameter values

A               = -3.02383
B               = 8.2217
C               = -9.97223

After 1 iterations the fit converged.
final sum of squares of residuals : 80.2258
rel. change during last iteration : 0

degrees of freedom    (FIT_NDF)                        : 17
rms of residuals      (FIT_STDFIT) = sqrt(WSSR/ndf)    : 2.17236
variance of residuals (reduced chisquare) = WSSR/ndf   : 4.71917

Final set of parameters            Asymptotic Standard Error
=======================            ==========================

A               = -3.02383         +/- 0.06171      (2.041%)
B               = 8.2217           +/- 0.03267      (0.3974%)
C               = -9.97223         +/- 0.4844       (4.858%)


correlation matrix of the fit parameters:

               A      B      C      
A               1.000 
B              -0.395  1.000 
C               0.381  0.497  1.000 


*******************************************************************************
Sun Nov  6 12:22:31 2011


FIT:    data read from "g1.dat" u 1:2:3
        format = x:z:s
        #datapoints = 20
function used for fitting: f(x)
fitted parameters initialized with current variable values



 Iteration 0
 WSSR        : 80.2258           delta(WSSR)/WSSR   : 0
 delta(WSSR) : 0                 limit for stopping : 1e-05
 lambda	  : 16.1456

initial set of free parameter values

A               = -3.02383
B               = 8.2217
C               = -9.97223

After 1 iterations the fit converged.
final sum of squares of residuals : 80.2258
rel. change during last iteration : 0

degrees of freedom    (FIT_NDF)                        : 17
rms of residuals      (FIT_STDFIT) = sqrt(WSSR/ndf)    : 2.17236
variance of residuals (reduced chisquare) = WSSR/ndf   : 4.71917

Final set of parameters            Asymptotic Standard Error
=======================            ==========================

A               = -3.02383         +/- 0.06171      (2.041%)
B               = 8.2217           +/- 0.03267      (0.3974%)
C               = -9.97223         +/- 0.4844       (4.858%)


correlation matrix of the fit parameters:

               A      B      C      
A               1.000 
B              -0.395  1.000 
C               0.381  0.497  1.000 


*******************************************************************************
Sun Nov  6 12:23:07 2011


FIT:    data read from "g1.dat" u 1:2:3
        format = x:z:s
        #datapoints = 20
function used for fitting: f(x)
fitted parameters initialized with current variable values



 Iteration 0
 WSSR        : 80.2258           delta(WSSR)/WSSR   : 0
 delta(WSSR) : 0                 limit for stopping : 1e-05
 lambda	  : 16.1456

initial set of free parameter values

A               = -3.02383
B               = 8.2217
C               = -9.97223

After 1 iterations the fit converged.
final sum of squares of residuals : 80.2258
rel. change during last iteration : 0

degrees of freedom    (FIT_NDF)                        : 17
rms of residuals      (FIT_STDFIT) = sqrt(WSSR/ndf)    : 2.17236
variance of residuals (reduced chisquare) = WSSR/ndf   : 4.71917

Final set of parameters            Asymptotic Standard Error
=======================            ==========================

A               = -3.02383         +/- 0.06171      (2.041%)
B               = 8.2217           +/- 0.03267      (0.3974%)
C               = -9.97223         +/- 0.4844       (4.858%)


correlation matrix of the fit parameters:

               A      B      C      
A               1.000 
B              -0.395  1.000 
C               0.381  0.497  1.000 


*******************************************************************************
Sun Nov  6 12:27:01 2011


FIT:    data read from "g1.dat" u 1:2:3
        format = x:z:s
        #datapoints = 20
function used for fitting: f(x)
fitted parameters initialized with current variable values



 Iteration 0
 WSSR        : 80.2258           delta(WSSR)/WSSR   : 0
 delta(WSSR) : 0                 limit for stopping : 1e-05
 lambda	  : 16.1456

initial set of free parameter values

A               = -3.02383
B               = 8.2217
C               = -9.97223

After 1 iterations the fit converged.
final sum of squares of residuals : 80.2258
rel. change during last iteration : 0

degrees of freedom    (FIT_NDF)                        : 17
rms of residuals      (FIT_STDFIT) = sqrt(WSSR/ndf)    : 2.17236
variance of residuals (reduced chisquare) = WSSR/ndf   : 4.71917

Final set of parameters            Asymptotic Standard Error
=======================            ==========================

A               = -3.02383         +/- 0.06171      (2.041%)
B               = 8.2217           +/- 0.03267      (0.3974%)
C               = -9.97223         +/- 0.4844       (4.858%)


correlation matrix of the fit parameters:

               A      B      C      
A               1.000 
B              -0.395  1.000 
C               0.381  0.497  1.000 


*******************************************************************************
Sun Nov  6 16:15:07 2011


FIT:    data read from "g2.dat" u 1:3:2
        format = x:z:s
        #datapoints = 13
function used for fitting: f(x)
fitted parameters initialized with current variable values



 Iteration 0
 WSSR        : 997905            delta(WSSR)/WSSR   : 0
 delta(WSSR) : 0                 limit for stopping : 1e-05
 lambda	  : 41.2068

initial set of free parameter values

A               = 1

After 3 iterations the fit converged.
final sum of squares of residuals : 961.278
rel. change during last iteration : -3.12616e-06

degrees of freedom    (FIT_NDF)                        : 12
rms of residuals      (FIT_STDFIT) = sqrt(WSSR/ndf)    : 8.95022
variance of residuals (reduced chisquare) = WSSR/ndf   : 80.1065

Final set of parameters            Asymptotic Standard Error
=======================            ==========================

A               = 7.7204           +/- 0.06024      (0.7803%)


correlation matrix of the fit parameters:

               A      
A               1.000 


*******************************************************************************
Sun Nov  6 16:22:03 2011


FIT:    data read from "g2.dat" u 1:3:2
        format = x:z:s
        #datapoints = 13
function used for fitting: f(x)
fitted parameters initialized with current variable values



 Iteration 0
 WSSR        : 961.278           delta(WSSR)/WSSR   : 0
 delta(WSSR) : 0                 limit for stopping : 1e-05
 lambda	  : 41.2068

initial set of free parameter values

A               = 7.7204

After 1 iterations the fit converged.
final sum of squares of residuals : 961.278
rel. change during last iteration : -1.0644e-15

degrees of freedom    (FIT_NDF)                        : 12
rms of residuals      (FIT_STDFIT) = sqrt(WSSR/ndf)    : 8.95022
variance of residuals (reduced chisquare) = WSSR/ndf   : 80.1065

Final set of parameters            Asymptotic Standard Error
=======================            ==========================

A               = 7.7204           +/- 0.06024      (0.7803%)


correlation matrix of the fit parameters:

               A      
A               1.000 


*******************************************************************************
Sun Nov  6 21:29:54 2011


FIT:    data read from "g1.dat" u 1:2:3
        format = x:z:s
        #datapoints = 20
function used for fitting: f(x)
fitted parameters initialized with current variable values



 Iteration 0
 WSSR        : 282496            delta(WSSR)/WSSR   : 0
 delta(WSSR) : 0                 limit for stopping : 1e-05
 lambda	  : 29.9599

initial set of free parameter values

A               = 1
B               = 1
C               = 1

After 458 iterations the fit converged.
final sum of squares of residuals : 3965.65
rel. change during last iteration : -9.99874e-06

degrees of freedom    (FIT_NDF)                        : 17
rms of residuals      (FIT_STDFIT) = sqrt(WSSR/ndf)    : 15.2733
variance of residuals (reduced chisquare) = WSSR/ndf   : 233.273

Final set of parameters            Asymptotic Standard Error
=======================            ==========================

A               = 157.391          +/- 1.263e+04    (8022%)
B               = -151.054         +/- 1.263e+04    (8358%)
C               = 0.0167965        +/- 1.337        (7962%)


correlation matrix of the fit parameters:

               A      B      C      
A               1.000 
B              -1.000  1.000 
C              -1.000  1.000  1.000 


*******************************************************************************
Sun Nov  6 21:30:06 2011


FIT:    data read from "g1.dat" u 1:2:3
        format = x:z:s
        #datapoints = 20
function used for fitting: f(x)
fitted parameters initialized with current variable values



 Iteration 0
 WSSR        : 3965.65           delta(WSSR)/WSSR   : 0
 delta(WSSR) : 0                 limit for stopping : 1e-05
 lambda	  : 1013.83

initial set of free parameter values

A               = 157.391
B               = -151.054
C               = 0.0167965

After 1 iterations the fit converged.
final sum of squares of residuals : 3965.65
rel. change during last iteration : -2.27633e-10

degrees of freedom    (FIT_NDF)                        : 17
rms of residuals      (FIT_STDFIT) = sqrt(WSSR/ndf)    : 15.2733
variance of residuals (reduced chisquare) = WSSR/ndf   : 233.273

Final set of parameters            Asymptotic Standard Error
=======================            ==========================

A               = 157.391          +/- 1.263e+04    (8022%)
B               = -151.054         +/- 1.263e+04    (8358%)
C               = 0.0167966        +/- 1.337        (7962%)


correlation matrix of the fit parameters:

               A      B      C      
A               1.000 
B              -1.000  1.000 
C              -1.000  1.000  1.000 


*******************************************************************************
Sun Nov  6 21:31:39 2011


FIT:    data read from "g1.dat" u 1:2:3
        format = x:z:s
        #datapoints = 20
function used for fitting: f(x)
fitted parameters initialized with current variable values

BREAK:          Undefined value during function evaluation



*******************************************************************************
Sun Nov  6 21:32:05 2011


FIT:    data read from "g1.dat" u 1:2:3
        format = x:z:s
        #datapoints = 20
function used for fitting: f(x)
fitted parameters initialized with current variable values



 Iteration 0
 WSSR        : 3965.65           delta(WSSR)/WSSR   : 0
 delta(WSSR) : 0                 limit for stopping : 1e-05
 lambda	  : 1013.83

initial set of free parameter values

A               = 157.391
B               = -151.054
C               = 0.0167966

After 1 iterations the fit converged.
final sum of squares of residuals : 3965.65
rel. change during last iteration : -1.99219e-12

degrees of freedom    (FIT_NDF)                        : 17
rms of residuals      (FIT_STDFIT) = sqrt(WSSR/ndf)    : 15.2733
variance of residuals (reduced chisquare) = WSSR/ndf   : 233.273

Final set of parameters            Asymptotic Standard Error
=======================            ==========================

A               = 157.391          +/- 1.263e+04    (8022%)
B               = -151.054         +/- 1.263e+04    (8358%)
C               = 0.0167966        +/- 1.337        (7962%)


correlation matrix of the fit parameters:

               A      B      C      
A               1.000 
B              -1.000  1.000 
C              -1.000  1.000  1.000 


*******************************************************************************
Sun Nov  6 21:32:43 2011


FIT:    data read from "g1.dat" u 1:2:3
        format = x:z:s
        #datapoints = 20
function used for fitting: f(x)
fitted parameters initialized with current variable values



 Iteration 0
 WSSR        : 3.1707e+08        delta(WSSR)/WSSR   : 0
 delta(WSSR) : 0                 limit for stopping : 1e-05
 lambda	  : 16.1421

initial set of free parameter values

A               = -3
B               = -151.054
C               = -10

After 7 iterations the fit converged.
final sum of squares of residuals : 80.2258
rel. change during last iteration : -4.08859e-06

degrees of freedom    (FIT_NDF)                        : 17
rms of residuals      (FIT_STDFIT) = sqrt(WSSR/ndf)    : 2.17236
variance of residuals (reduced chisquare) = WSSR/ndf   : 4.71917

Final set of parameters            Asymptotic Standard Error
=======================            ==========================

A               = -3.02382         +/- 0.06171      (2.041%)
B               = 8.22171          +/- 0.03267      (0.3974%)
C               = -9.97187         +/- 0.4844       (4.858%)


correlation matrix of the fit parameters:

               A      B      C      
A               1.000 
B              -0.395  1.000 
C               0.381  0.497  1.000 


*******************************************************************************
Sun Nov  6 21:37:12 2011


FIT:    data read from "g1.dat" u 1:2:3
        format = x:z:s
        #datapoints = 20
function used for fitting: f(x)
fitted parameters initialized with current variable values



 Iteration 0
 WSSR        : 17934.9           delta(WSSR)/WSSR   : 0
 delta(WSSR) : 0                 limit for stopping : 1e-05
 lambda	  : 14.8527

initial set of free parameter values

A               = -3
B               = 8.22171
C               = -10

After 11 iterations the fit converged.
final sum of squares of residuals : 80.2258
rel. change during last iteration : -2.35856e-08

degrees of freedom    (FIT_NDF)                        : 17
rms of residuals      (FIT_STDFIT) = sqrt(WSSR/ndf)    : 2.17236
variance of residuals (reduced chisquare) = WSSR/ndf   : 4.71917

Final set of parameters            Asymptotic Standard Error
=======================            ==========================

A               = -3.02383         +/- 0.06171      (2.041%)
B               = 8.2217           +/- 0.03267      (0.3974%)
C               = -0.997224        +/- 0.04844      (4.858%)


correlation matrix of the fit parameters:

               A      B      C      
A               1.000 
B              -0.395  1.000 
C               0.381  0.497  1.000 


*******************************************************************************
Sun Nov  6 21:37:42 2011


FIT:    data read from "g1.dat" u 1:2:3
        format = x:z:s
        #datapoints = 20
function used for fitting: f(x)
fitted parameters initialized with current variable values



 Iteration 0
 WSSR        : 17934.7           delta(WSSR)/WSSR   : 0
 delta(WSSR) : 0                 limit for stopping : 1e-05
 lambda	  : 14.8527

initial set of free parameter values

A               = -3
B               = 8.2217
C               = -10

After 11 iterations the fit converged.
final sum of squares of residuals : 80.2258
rel. change during last iteration : -2.35868e-08

degrees of freedom    (FIT_NDF)                        : 17
rms of residuals      (FIT_STDFIT) = sqrt(WSSR/ndf)    : 2.17236
variance of residuals (reduced chisquare) = WSSR/ndf   : 4.71917

Final set of parameters            Asymptotic Standard Error
=======================            ==========================

A               = -3.02383         +/- 0.06171      (2.041%)
B               = 8.2217           +/- 0.03267      (0.3974%)
C               = -0.997224        +/- 0.04844      (4.858%)


correlation matrix of the fit parameters:

               A      B      C      
A               1.000 
B              -0.395  1.000 
C               0.381  0.497  1.000 


*******************************************************************************
Sun Nov  6 21:39:18 2011


FIT:    data read from "g1.dat" u 1:2:3
        format = x:z:s
        #datapoints = 20
function used for fitting: g(x)
fitted parameters initialized with current variable values

BREAK:          Undefined value during function evaluation



*******************************************************************************
Sun Nov  6 21:39:42 2011


FIT:    data read from "g1.dat" u 1:2:3
        format = x:z:s
        #datapoints = 20
function used for fitting: g(x)
fitted parameters initialized with current variable values

BREAK:          Undefined value during function evaluation



*******************************************************************************
Sun Nov  6 21:40:12 2011


FIT:    data read from "g1.dat" u 1:2:3
        format = x:z:s
        #datapoints = 20
function used for fitting: f(x)
fitted parameters initialized with current variable values



 Iteration 0
 WSSR        : 17934.7           delta(WSSR)/WSSR   : 0
 delta(WSSR) : 0                 limit for stopping : 1e-05
 lambda	  : 14.8527

initial set of free parameter values

A               = -3
B               = 8.2217
C               = -10

After 11 iterations the fit converged.
final sum of squares of residuals : 80.2258
rel. change during last iteration : -2.35868e-08

degrees of freedom    (FIT_NDF)                        : 17
rms of residuals      (FIT_STDFIT) = sqrt(WSSR/ndf)    : 2.17236
variance of residuals (reduced chisquare) = WSSR/ndf   : 4.71917

Final set of parameters            Asymptotic Standard Error
=======================            ==========================

A               = -3.02383         +/- 0.06171      (2.041%)
B               = 8.2217           +/- 0.03267      (0.3974%)
C               = -0.997224        +/- 0.04844      (4.858%)


correlation matrix of the fit parameters:

               A      B      C      
A               1.000 
B              -0.395  1.000 
C               0.381  0.497  1.000 


*******************************************************************************
Sun Nov  6 21:53:52 2011


FIT:    data read from "g1.dat" u 1:2:3
        format = x:z:s
        #datapoints = 20
function used for fitting: f(x)
fitted parameters initialized with current variable values



 Iteration 0
 WSSR        : 17934.7           delta(WSSR)/WSSR   : 0
 delta(WSSR) : 0                 limit for stopping : 1e-05
 lambda	  : 14.8527

initial set of free parameter values

A               = -3
B               = 8.2217
C               = -10

After 11 iterations the fit converged.
final sum of squares of residuals : 80.2258
rel. change during last iteration : -2.35868e-08

degrees of freedom    (FIT_NDF)                        : 17
rms of residuals      (FIT_STDFIT) = sqrt(WSSR/ndf)    : 2.17236
variance of residuals (reduced chisquare) = WSSR/ndf   : 4.71917

Final set of parameters            Asymptotic Standard Error
=======================            ==========================

A               = -3.02383         +/- 0.06171      (2.041%)
B               = 8.2217           +/- 0.03267      (0.3974%)
C               = -0.997224        +/- 0.04844      (4.858%)


correlation matrix of the fit parameters:

               A      B      C      
A               1.000 
B              -0.395  1.000 
C               0.381  0.497  1.000 


*******************************************************************************
Sun Nov  6 21:59:59 2011


FIT:    data read from "g2.dat" u 1:3:2
        format = x:z:s
        #datapoints = 13
function used for fitting: f(x)
fitted parameters initialized with current variable values



 Iteration 0
 WSSR        : 2.54915e+06       delta(WSSR)/WSSR   : 0
 delta(WSSR) : 0                 limit for stopping : 1e-05
 lambda	  : 41.2068

initial set of free parameter values

A               = -3.02383

After 3 iterations the fit converged.
final sum of squares of residuals : 961.278
rel. change during last iteration : -7.99046e-06

degrees of freedom    (FIT_NDF)                        : 12
rms of residuals      (FIT_STDFIT) = sqrt(WSSR/ndf)    : 8.95022
variance of residuals (reduced chisquare) = WSSR/ndf   : 80.1065

Final set of parameters            Asymptotic Standard Error
=======================            ==========================

A               = 7.7204           +/- 0.06024      (0.7803%)


correlation matrix of the fit parameters:

               A      
A               1.000 


*******************************************************************************
Mon Nov  7 08:38:51 2011


FIT:    data read from "g2.dat" u 1:3:2
        format = x:z:s
        #datapoints = 13
function used for fitting: f(x)
fitted parameters initialized with current variable values



 Iteration 0
 WSSR        : 997905            delta(WSSR)/WSSR   : 0
 delta(WSSR) : 0                 limit for stopping : 1e-05
 lambda	  : 41.2068

initial set of free parameter values

A               = 1

After 3 iterations the fit converged.
final sum of squares of residuals : 961.278
rel. change during last iteration : -3.12616e-06

degrees of freedom    (FIT_NDF)                        : 12
rms of residuals      (FIT_STDFIT) = sqrt(WSSR/ndf)    : 8.95022
variance of residuals (reduced chisquare) = WSSR/ndf   : 80.1065

Final set of parameters            Asymptotic Standard Error
=======================            ==========================

A               = 7.7204           +/- 0.06024      (0.7803%)


correlation matrix of the fit parameters:

               A      
A               1.000 


*******************************************************************************
Mon Nov  7 08:44:16 2011


FIT:    data read from "g2.dat" u 1:3:2
        format = x:z:s
        #datapoints = 13
function used for fitting: f(x)
fitted parameters initialized with current variable values



 Iteration 0
 WSSR        : 961.278           delta(WSSR)/WSSR   : 0
 delta(WSSR) : 0                 limit for stopping : 1e-05
 lambda	  : 41.2068

initial set of free parameter values

A               = 7.7204

After 1 iterations the fit converged.
final sum of squares of residuals : 961.278
rel. change during last iteration : -1.0644e-15

degrees of freedom    (FIT_NDF)                        : 12
rms of residuals      (FIT_STDFIT) = sqrt(WSSR/ndf)    : 8.95022
variance of residuals (reduced chisquare) = WSSR/ndf   : 80.1065

Final set of parameters            Asymptotic Standard Error
=======================            ==========================

A               = 7.7204           +/- 0.06024      (0.7803%)


correlation matrix of the fit parameters:

               A      
A               1.000 


*******************************************************************************
Mon Nov  7 08:45:12 2011


FIT:    data read from "g2.dat" u 1:3:2
        format = x:z:s
        #datapoints = 13
function used for fitting: f(x)
fitted parameters initialized with current variable values



 Iteration 0
 WSSR        : 961.278           delta(WSSR)/WSSR   : 0
 delta(WSSR) : 0                 limit for stopping : 1e-05
 lambda	  : 41.2068

initial set of free parameter values

A               = 7.7204

After 1 iterations the fit converged.
final sum of squares of residuals : 961.278
rel. change during last iteration : -1.18266e-16

degrees of freedom    (FIT_NDF)                        : 12
rms of residuals      (FIT_STDFIT) = sqrt(WSSR/ndf)    : 8.95022
variance of residuals (reduced chisquare) = WSSR/ndf   : 80.1065

Final set of parameters            Asymptotic Standard Error
=======================            ==========================

A               = 7.7204           +/- 0.06024      (0.7803%)


correlation matrix of the fit parameters:

               A      
A               1.000 


*******************************************************************************
Mon Nov  7 09:02:11 2011


FIT:    data read from "g2.dat" u 1:3:2
        format = x:z:s
        #datapoints = 13
function used for fitting: f(x)
fitted parameters initialized with current variable values



 Iteration 0
 WSSR        : 961.278           delta(WSSR)/WSSR   : 0
 delta(WSSR) : 0                 limit for stopping : 1e-05
 lambda	  : 41.2068

initial set of free parameter values

A               = 7.7204

After 1 iterations the fit converged.
final sum of squares of residuals : 961.278
rel. change during last iteration : -2.36533e-16

degrees of freedom    (FIT_NDF)                        : 12
rms of residuals      (FIT_STDFIT) = sqrt(WSSR/ndf)    : 8.95022
variance of residuals (reduced chisquare) = WSSR/ndf   : 80.1065

Final set of parameters            Asymptotic Standard Error
=======================            ==========================

A               = 7.7204           +/- 0.06024      (0.7803%)


correlation matrix of the fit parameters:

               A      
A               1.000 


*******************************************************************************
Mon Nov  7 09:03:21 2011


FIT:    data read from "g2.dat" u 1:3:2
        format = x:z:s
        #datapoints = 13
function used for fitting: f(x)
fitted parameters initialized with current variable values



 Iteration 0
 WSSR        : 961.278           delta(WSSR)/WSSR   : 0
 delta(WSSR) : 0                 limit for stopping : 1e-05
 lambda	  : 41.2068

initial set of free parameter values

A               = 7.7204

After 1 iterations the fit converged.
final sum of squares of residuals : 961.278
rel. change during last iteration : 0

degrees of freedom    (FIT_NDF)                        : 12
rms of residuals      (FIT_STDFIT) = sqrt(WSSR/ndf)    : 8.95022
variance of residuals (reduced chisquare) = WSSR/ndf   : 80.1065

Final set of parameters            Asymptotic Standard Error
=======================            ==========================

A               = 7.7204           +/- 0.06024      (0.7803%)


correlation matrix of the fit parameters:

               A      
A               1.000 


*******************************************************************************
Mon Nov  7 09:04:32 2011


FIT:    data read from "g2.dat" u 1:3:2
        format = x:z:s
        #datapoints = 13
function used for fitting: f(x)
fitted parameters initialized with current variable values



 Iteration 0
 WSSR        : 961.278           delta(WSSR)/WSSR   : 0
 delta(WSSR) : 0                 limit for stopping : 1e-05
 lambda	  : 41.2068

initial set of free parameter values

A               = 7.7204

After 1 iterations the fit converged.
final sum of squares of residuals : 961.278
rel. change during last iteration : 0

degrees of freedom    (FIT_NDF)                        : 12
rms of residuals      (FIT_STDFIT) = sqrt(WSSR/ndf)    : 8.95022
variance of residuals (reduced chisquare) = WSSR/ndf   : 80.1065

Final set of parameters            Asymptotic Standard Error
=======================            ==========================

A               = 7.7204           +/- 0.06024      (0.7803%)


correlation matrix of the fit parameters:

               A      
A               1.000 


*******************************************************************************
Mon Nov  7 09:04:42 2011


FIT:    data read from "g2.dat" u 1:3:2
        format = x:z:s
        #datapoints = 13
function used for fitting: f(x)
fitted parameters initialized with current variable values



 Iteration 0
 WSSR        : 961.278           delta(WSSR)/WSSR   : 0
 delta(WSSR) : 0                 limit for stopping : 1e-05
 lambda	  : 41.2068

initial set of free parameter values

A               = 7.7204

After 1 iterations the fit converged.
final sum of squares of residuals : 961.278
rel. change during last iteration : 0

degrees of freedom    (FIT_NDF)                        : 12
rms of residuals      (FIT_STDFIT) = sqrt(WSSR/ndf)    : 8.95022
variance of residuals (reduced chisquare) = WSSR/ndf   : 80.1065

Final set of parameters            Asymptotic Standard Error
=======================            ==========================

A               = 7.7204           +/- 0.06024      (0.7803%)


correlation matrix of the fit parameters:

               A      
A               1.000 


*******************************************************************************
Mon Nov  7 09:05:06 2011


FIT:    data read from "g2.dat" u 1:3:2
        format = x:z:s
        #datapoints = 13
function used for fitting: f(x)
fitted parameters initialized with current variable values



 Iteration 0
 WSSR        : 961.278           delta(WSSR)/WSSR   : 0
 delta(WSSR) : 0                 limit for stopping : 1e-05
 lambda	  : 41.2068

initial set of free parameter values

A               = 7.7204

After 1 iterations the fit converged.
final sum of squares of residuals : 961.278
rel. change during last iteration : 0

degrees of freedom    (FIT_NDF)                        : 12
rms of residuals      (FIT_STDFIT) = sqrt(WSSR/ndf)    : 8.95022
variance of residuals (reduced chisquare) = WSSR/ndf   : 80.1065

Final set of parameters            Asymptotic Standard Error
=======================            ==========================

A               = 7.7204           +/- 0.06024      (0.7803%)


correlation matrix of the fit parameters:

               A      
A               1.000 


*******************************************************************************
Mon Nov  7 09:05:57 2011


FIT:    data read from "g2.dat" u 1:3:2
        format = x:z:s
        #datapoints = 13
function used for fitting: f(x)
fitted parameters initialized with current variable values



 Iteration 0
 WSSR        : 961.278           delta(WSSR)/WSSR   : 0
 delta(WSSR) : 0                 limit for stopping : 1e-05
 lambda	  : 41.2068

initial set of free parameter values

A               = 7.7204

After 1 iterations the fit converged.
final sum of squares of residuals : 961.278
rel. change during last iteration : 0

degrees of freedom    (FIT_NDF)                        : 12
rms of residuals      (FIT_STDFIT) = sqrt(WSSR/ndf)    : 8.95022
variance of residuals (reduced chisquare) = WSSR/ndf   : 80.1065

Final set of parameters            Asymptotic Standard Error
=======================            ==========================

A               = 7.7204           +/- 0.06024      (0.7803%)


correlation matrix of the fit parameters:

               A      
A               1.000 
