

*******************************************************************************
Thu Nov 10 17:15:57 2011


FIT:    data read from "./g2.dat" u 1:2:3:4
        format = x:y:z:s
	y range restricted to [55.9637 : 143.382]
	t range restricted to [0.0756229 : 156.684]
        #datapoints = 34
function used for fitting: g(x)
fitted parameters initialized with current variable values



 Iteration 0
 WSSR        : 1.77854e+119      delta(WSSR)/WSSR   : 0
 delta(WSSR) : 0                 limit for stopping : 1e-05
 lambda	  : 5.7915e+60

initial set of free parameter values

A               = 1
B               = 1
C               = 1

After 1 iterations the fit converged.
final sum of squares of residuals : 2.78334e+118
rel. change during last iteration : -5.38995

degrees of freedom    (FIT_NDF)                        : 31
rms of residuals      (FIT_STDFIT) = sqrt(WSSR/ndf)    : 2.99642e+58
variance of residuals (reduced chisquare) = WSSR/ndf   : 8.97852e+116

BREAK:          Singular matrix in Invert_RtR



*******************************************************************************
Thu Nov 10 17:16:06 2011


FIT:    data read from "./g2.dat" u 1:3:2:4
        format = x:y:z:s
	y range restricted to [55.9637 : 143.382]
	t range restricted to [0.0756229 : 156.684]
        #datapoints = 34
function used for fitting: g(x)
fitted parameters initialized with current variable values



 Iteration 0
 WSSR        : 2.78334e+118      delta(WSSR)/WSSR   : 0
 delta(WSSR) : 0                 limit for stopping : 1e-05
 lambda	  : 2.28997e+60

initial set of free parameter values

A               = 0.999948
B               = 0.99286
C               = 1.001

After 1 iterations the fit converged.
final sum of squares of residuals : 4.35198e+117
rel. change during last iteration : -5.39558

degrees of freedom    (FIT_NDF)                        : 31
rms of residuals      (FIT_STDFIT) = sqrt(WSSR/ndf)    : 1.18485e+58
variance of residuals (reduced chisquare) = WSSR/ndf   : 1.40386e+116

BREAK:          Singular matrix in Invert_RtR



*******************************************************************************
Thu Nov 10 17:16:11 2011


FIT:    data read from "./g2.dat"
        format = z
	y range restricted to [55.9637 : 143.382]
        #datapoints = 34
        residuals are weighted equally (unit weight)

function used for fitting: g(x)
fitted parameters initialized with current variable values



 Iteration 0
 WSSR        : 2.2979e+111       delta(WSSR)/WSSR   : 0
 delta(WSSR) : 0                 limit for stopping : 1e-05
 lambda	  : 6.57636e+56

initial set of free parameter values

A               = 0.999897
B               = 0.985717
C               = 1.002

After 1 iterations the fit converged.
final sum of squares of residuals : 3.58979e+110
rel. change during last iteration : -5.40123

degrees of freedom    (FIT_NDF)                        : 31
rms of residuals      (FIT_STDFIT) = sqrt(WSSR/ndf)    : 3.40293e+54
variance of residuals (reduced chisquare) = WSSR/ndf   : 1.158e+109

BREAK:          Singular matrix in Invert_RtR



*******************************************************************************
Thu Nov 10 17:16:21 2011


FIT:    data read from "./g2.dat" u 1:2:3:4
        format = x:y:z:s
	y range restricted to [55.9637 : 143.382]
	t range restricted to [0.0756229 : 156.684]
        #datapoints = 34
function used for fitting: g(x)
fitted parameters initialized with current variable values



 Iteration 0
 WSSR        : 6.79822e+116      delta(WSSR)/WSSR   : 0
 delta(WSSR) : 0                 limit for stopping : 1e-05
 lambda	  : 3.57537e+59

initial set of free parameter values

A               = 0.999845
B               = 0.97857
C               = 1.003

After 1 iterations the fit converged.
final sum of squares of residuals : 1.06109e+116
rel. change during last iteration : -5.40685

degrees of freedom    (FIT_NDF)                        : 31
rms of residuals      (FIT_STDFIT) = sqrt(WSSR/ndf)    : 1.8501e+57
variance of residuals (reduced chisquare) = WSSR/ndf   : 3.42285e+114

BREAK:          Singular matrix in Invert_RtR



*******************************************************************************
Fri Nov 11 17:40:40 2011


FIT:    data read from 'U09.dat' index 0 using ($5*1000):(1./$3)
        format = x:z
        #datapoints = 66
        residuals are weighted equally (unit weight)

function used for fitting: T(x)
fitted parameters initialized with current variable values



 Iteration 0
 WSSR        : 3.54448e+13       delta(WSSR)/WSSR   : 0
 delta(WSSR) : 0                 limit for stopping : 1e-05
 lambda	  : 5.17673e+10

initial set of free parameter values

B               = 1e-05
Ri              = 1

After 33 iterations the fit converged.
final sum of squares of residuals : 1.54551e-08
rel. change during last iteration : -9.45374e-11

degrees of freedom    (FIT_NDF)                        : 64
rms of residuals      (FIT_STDFIT) = sqrt(WSSR/ndf)    : 1.55398e-05
variance of residuals (reduced chisquare) = WSSR/ndf   : 2.41487e-10

Final set of parameters            Asymptotic Standard Error
=======================            ==========================

B               = 3144.73          +/- 10.44        (0.3321%)
Ri              = 0.0137949        +/- 0.0005278    (3.826%)


correlation matrix of the fit parameters:

               B      Ri     
B               1.000 
Ri             -0.988  1.000 


*******************************************************************************
Fri Nov 11 17:40:40 2011


FIT:    data read from 'U09.dat' index 1 using ($1/$3*1000):($1*$3/1000)
        format = x:z
        #datapoints = 40
        residuals are weighted equally (unit weight)

function used for fitting: f(x)
fitted parameters initialized with current variable values



 Iteration 0
 WSSR        : 60961.2           delta(WSSR)/WSSR   : 0
 delta(WSSR) : 0                 limit for stopping : 1e-05
 lambda	  : 39.0188

initial set of free parameter values

K               = 1

After 16 iterations the fit converged.
final sum of squares of residuals : 2.83722e-05
rel. change during last iteration : -2.5542e-11

degrees of freedom    (FIT_NDF)                        : 39
rms of residuals      (FIT_STDFIT) = sqrt(WSSR/ndf)    : 0.000852931
variance of residuals (reduced chisquare) = WSSR/ndf   : 7.27491e-07

Final set of parameters            Asymptotic Standard Error
=======================            ==========================

K               = 2050.85          +/- 14.54        (0.7088%)


correlation matrix of the fit parameters:

               K      
K               1.000 


*******************************************************************************
Fri Nov 11 17:42:04 2011


FIT:    data read from 'U09.dat' index 0 using ($5*1000):(1./$3)
        format = x:z
        #datapoints = 66
        residuals are weighted equally (unit weight)

function used for fitting: T(x)
fitted parameters initialized with current variable values



 Iteration 0
 WSSR        : 3.54448e+13       delta(WSSR)/WSSR   : 0
 delta(WSSR) : 0                 limit for stopping : 1e-05
 lambda	  : 5.17673e+10

initial set of free parameter values

B               = 1e-05
Ri              = 1

After 33 iterations the fit converged.
final sum of squares of residuals : 1.54551e-08
rel. change during last iteration : -9.45374e-11

degrees of freedom    (FIT_NDF)                        : 64
rms of residuals      (FIT_STDFIT) = sqrt(WSSR/ndf)    : 1.55398e-05
variance of residuals (reduced chisquare) = WSSR/ndf   : 2.41487e-10

Final set of parameters            Asymptotic Standard Error
=======================            ==========================

B               = 3144.73          +/- 10.44        (0.3321%)
Ri              = 0.0137949        +/- 0.0005278    (3.826%)


correlation matrix of the fit parameters:

               B      Ri     
B               1.000 
Ri             -0.988  1.000 


*******************************************************************************
Fri Nov 11 17:42:04 2011


FIT:    data read from 'U09.dat' index 1 using ($1/$3*1000):($1*$3/1000)
        format = x:z
        #datapoints = 40
        residuals are weighted equally (unit weight)

function used for fitting: f(x)
fitted parameters initialized with current variable values



 Iteration 0
 WSSR        : 2.83722e-05       delta(WSSR)/WSSR   : 0
 delta(WSSR) : 0                 limit for stopping : 1e-05
 lambda	  : 9.27694e-06

initial set of free parameter values

K               = 2050.85

After 1 iterations the fit converged.
final sum of squares of residuals : 2.83722e-05
rel. change during last iteration : 0

degrees of freedom    (FIT_NDF)                        : 39
rms of residuals      (FIT_STDFIT) = sqrt(WSSR/ndf)    : 0.000852931
variance of residuals (reduced chisquare) = WSSR/ndf   : 7.27491e-07

Final set of parameters            Asymptotic Standard Error
=======================            ==========================

K               = 2050.85          +/- 14.54        (0.7088%)


correlation matrix of the fit parameters:

               K      
K               1.000 


*******************************************************************************
Mon Nov 14 10:13:52 2011


FIT:    data read from 'U09.dat' index 0 using ($5*1000):(1./$3)
        format = x:z
        #datapoints = 66
        residuals are weighted equally (unit weight)

function used for fitting: T(x)
fitted parameters initialized with current variable values



 Iteration 0
 WSSR        : 3.54448e+13       delta(WSSR)/WSSR   : 0
 delta(WSSR) : 0                 limit for stopping : 1e-05
 lambda	  : 5.17673e+10

initial set of free parameter values

B               = 1e-05
Ri              = 1

After 33 iterations the fit converged.
final sum of squares of residuals : 1.54551e-08
rel. change during last iteration : -9.45374e-11

degrees of freedom    (FIT_NDF)                        : 64
rms of residuals      (FIT_STDFIT) = sqrt(WSSR/ndf)    : 1.55398e-05
variance of residuals (reduced chisquare) = WSSR/ndf   : 2.41487e-10

Final set of parameters            Asymptotic Standard Error
=======================            ==========================

B               = 3144.73          +/- 10.44        (0.3321%)
Ri              = 0.0137949        +/- 0.0005278    (3.826%)


correlation matrix of the fit parameters:

               B      Ri     
B               1.000 
Ri             -0.988  1.000 


*******************************************************************************
Mon Nov 14 10:13:52 2011


FIT:    data read from 'U09.dat' index 1 using ($1/$3*1000):($1*$3/1000)
        format = x:z
        #datapoints = 40
        residuals are weighted equally (unit weight)

function used for fitting: f(x)
fitted parameters initialized with current variable values



 Iteration 0
 WSSR        : 60961.2           delta(WSSR)/WSSR   : 0
 delta(WSSR) : 0                 limit for stopping : 1e-05
 lambda	  : 39.0188

initial set of free parameter values

K               = 1

After 16 iterations the fit converged.
final sum of squares of residuals : 2.83722e-05
rel. change during last iteration : -2.5542e-11

degrees of freedom    (FIT_NDF)                        : 39
rms of residuals      (FIT_STDFIT) = sqrt(WSSR/ndf)    : 0.000852931
variance of residuals (reduced chisquare) = WSSR/ndf   : 7.27491e-07

Final set of parameters            Asymptotic Standard Error
=======================            ==========================

K               = 2050.85          +/- 14.54        (0.7088%)


correlation matrix of the fit parameters:

               K      
K               1.000 


*******************************************************************************
Mon Nov 14 17:56:21 2011


FIT:    data read from 'g2.dat' using ($5*1000):(1./$3)
        format = x:z
        #datapoints = 32
        residuals are weighted equally (unit weight)

function used for fitting: T(x)
fitted parameters initialized with current variable values



 Iteration 0
 WSSR        : 1.97155e+13       delta(WSSR)/WSSR   : 0
 delta(WSSR) : 0                 limit for stopping : 1e-05
 lambda	  : 5.54473e+10

initial set of free parameter values

B               = 1e-05
Ri              = 1

After 22 iterations the fit converged.
final sum of squares of residuals : 609.356
rel. change during last iteration : -7.54629e-11

degrees of freedom    (FIT_NDF)                        : 30
rms of residuals      (FIT_STDFIT) = sqrt(WSSR/ndf)    : 4.50687
variance of residuals (reduced chisquare) = WSSR/ndf   : 20.3119

Final set of parameters            Asymptotic Standard Error
=======================            ==========================

B               = 1.08774e+08      +/- 4.441e+15    (4.083e+09%)
Ri              = 2.12542e+09      +/- 1.221e+18    (5.747e+10%)


correlation matrix of the fit parameters:

               B      Ri     
B               1.000 
Ri              0.989  1.000 


*******************************************************************************
Mon Nov 14 17:56:21 2011


FIT:    data read from 'U09.dat' index 1 using ($1/$3*1000):($1*$3/1000)
        format = x:z
        #datapoints = 40
        residuals are weighted equally (unit weight)

function used for fitting: f(x)
fitted parameters initialized with current variable values



 Iteration 0
 WSSR        : 1.89479e+15       delta(WSSR)/WSSR   : 0
 delta(WSSR) : 0                 limit for stopping : 1e-05
 lambda	  : 6.87569e+06

initial set of free parameter values

K               = 1

After 34 iterations the fit converged.
final sum of squares of residuals : 0.0145364
rel. change during last iteration : -1.49173e-07

degrees of freedom    (FIT_NDF)                        : 39
rms of residuals      (FIT_STDFIT) = sqrt(WSSR/ndf)    : 0.0193061
variance of residuals (reduced chisquare) = WSSR/ndf   : 0.000372727

Final set of parameters            Asymptotic Standard Error
=======================            ==========================

K               = 1.36337e+16      +/- 8.252e+22    (6.053e+08%)


correlation matrix of the fit parameters:

               K      
K               1.000 


*******************************************************************************
Mon Nov 14 19:13:18 2011


FIT:    data read from 'g2.dat' using ($5*1000):(1./$3)
        format = x:z
        #datapoints = 32
        residuals are weighted equally (unit weight)

function used for fitting: T(x)
fitted parameters initialized with current variable values



 Iteration 0
 WSSR        : 1.97155e+13       delta(WSSR)/WSSR   : 0
 delta(WSSR) : 0                 limit for stopping : 1e-05
 lambda	  : 5.54473e+10

initial set of free parameter values

B               = 1e-05
Ri              = 1

After 22 iterations the fit converged.
final sum of squares of residuals : 609.356
rel. change during last iteration : -7.54629e-11

degrees of freedom    (FIT_NDF)                        : 30
rms of residuals      (FIT_STDFIT) = sqrt(WSSR/ndf)    : 4.50687
variance of residuals (reduced chisquare) = WSSR/ndf   : 20.3119

Final set of parameters            Asymptotic Standard Error
=======================            ==========================

B               = 1.08774e+08      +/- 4.441e+15    (4.083e+09%)
Ri              = 2.12542e+09      +/- 1.221e+18    (5.747e+10%)


correlation matrix of the fit parameters:

               B      Ri     
B               1.000 
Ri              0.989  1.000 


*******************************************************************************
Mon Nov 14 19:13:18 2011


FIT:    data read from 'g2.dat' using ($1/$3*1000):($1*$3/1000)
        format = x:z
        #datapoints = 32
        residuals are weighted equally (unit weight)

function used for fitting: f(x)
fitted parameters initialized with current variable values



 Iteration 0
 WSSR        : 4.23737e+15       delta(WSSR)/WSSR   : 0
 delta(WSSR) : 0                 limit for stopping : 1e-05
 lambda	  : 1.14958e+07

initial set of free parameter values

K               = 1

After 35 iterations the fit converged.
final sum of squares of residuals : 0.083178
rel. change during last iteration : -2.75132e-07

degrees of freedom    (FIT_NDF)                        : 31
rms of residuals      (FIT_STDFIT) = sqrt(WSSR/ndf)    : 0.0517992
variance of residuals (reduced chisquare) = WSSR/ndf   : 0.00268316

Final set of parameters            Asymptotic Standard Error
=======================            ==========================

K               = 1.96677e+19      +/- 3.081e+29    (1.567e+12%)


correlation matrix of the fit parameters:

               K      
K               1.000 


*******************************************************************************
Mon Nov 14 19:14:52 2011


FIT:    data read from 'g2.dat' using ($5*1000):(1./$3)
        format = x:z
        #datapoints = 32
        residuals are weighted equally (unit weight)

function used for fitting: T(x)
fitted parameters initialized with current variable values



 Iteration 0
 WSSR        : 1.97155e+13       delta(WSSR)/WSSR   : 0
 delta(WSSR) : 0                 limit for stopping : 1e-05
 lambda	  : 5.54473e+10

initial set of free parameter values

B               = 1e-05
Ri              = 1

After 22 iterations the fit converged.
final sum of squares of residuals : 609.356
rel. change during last iteration : -7.54629e-11

degrees of freedom    (FIT_NDF)                        : 30
rms of residuals      (FIT_STDFIT) = sqrt(WSSR/ndf)    : 4.50687
variance of residuals (reduced chisquare) = WSSR/ndf   : 20.3119

Final set of parameters            Asymptotic Standard Error
=======================            ==========================

B               = 1.08774e+08      +/- 4.441e+15    (4.083e+09%)
Ri              = 2.12542e+09      +/- 1.221e+18    (5.747e+10%)


correlation matrix of the fit parameters:

               B      Ri     
B               1.000 
Ri              0.989  1.000 


*******************************************************************************
Mon Nov 14 19:14:52 2011


FIT:    data read from 'g2.dat' using ($1/$3*1000):($1*$3/1000)
        format = x:z
        #datapoints = 32
        residuals are weighted equally (unit weight)

function used for fitting: f(x)
fitted parameters initialized with current variable values



 Iteration 0
 WSSR        : 0.083178          delta(WSSR)/WSSR   : 0
 delta(WSSR) : 0                 limit for stopping : 1e-05
 lambda	  : 2.97187e-32

initial set of free parameter values

K               = 1.96677e+19

After 1 iterations the fit converged.
final sum of squares of residuals : 0.083178
rel. change during last iteration : -3.66674e-12

degrees of freedom    (FIT_NDF)                        : 31
rms of residuals      (FIT_STDFIT) = sqrt(WSSR/ndf)    : 0.0517992
variance of residuals (reduced chisquare) = WSSR/ndf   : 0.00268316

Final set of parameters            Asymptotic Standard Error
=======================            ==========================

K               = 2.65765e+29      +/- 5.626e+49    (2.117e+22%)


correlation matrix of the fit parameters:

               K      
K               1.000 


*******************************************************************************
Mon Nov 14 19:15:09 2011


FIT:    data read from 'g2.dat' using ($5*1000):(1./$3)
        format = x:z
        #datapoints = 32
        residuals are weighted equally (unit weight)

function used for fitting: T(x)
fitted parameters initialized with current variable values



 Iteration 0
 WSSR        : 1.97155e+13       delta(WSSR)/WSSR   : 0
 delta(WSSR) : 0                 limit for stopping : 1e-05
 lambda	  : 5.54473e+10

initial set of free parameter values

B               = 1e-05
Ri              = 1

After 22 iterations the fit converged.
final sum of squares of residuals : 609.356
rel. change during last iteration : -7.54629e-11

degrees of freedom    (FIT_NDF)                        : 30
rms of residuals      (FIT_STDFIT) = sqrt(WSSR/ndf)    : 4.50687
variance of residuals (reduced chisquare) = WSSR/ndf   : 20.3119

Final set of parameters            Asymptotic Standard Error
=======================            ==========================

B               = 1.08774e+08      +/- 4.441e+15    (4.083e+09%)
Ri              = 2.12542e+09      +/- 1.221e+18    (5.747e+10%)


correlation matrix of the fit parameters:

               B      Ri     
B               1.000 
Ri              0.989  1.000 


*******************************************************************************
Mon Nov 14 19:15:09 2011


FIT:    data read from 'g2.dat' using ($1/$3*1000):($1*$3/1000)
        format = x:z
        #datapoints = 32
        residuals are weighted equally (unit weight)

function used for fitting: f(x)
fitted parameters initialized with current variable values



 Iteration 0
 WSSR        : 0.083178          delta(WSSR)/WSSR   : 0
 delta(WSSR) : 0                 limit for stopping : 1e-05
 lambda	  : 1.62758e-52

initial set of free parameter values

K               = 2.65765e+29

After 1 iterations the fit converged.
final sum of squares of residuals : 0.083178
rel. change during last iteration : 0

degrees of freedom    (FIT_NDF)                        : 31
rms of residuals      (FIT_STDFIT) = sqrt(WSSR/ndf)    : 0.0517992
variance of residuals (reduced chisquare) = WSSR/ndf   : 0.00268316

Final set of parameters            Asymptotic Standard Error
=======================            ==========================

K               = 2.65765e+29      +/- 5.626e+49    (2.117e+22%)


correlation matrix of the fit parameters:

               K      
K               1.000 


*******************************************************************************
Mon Nov 14 19:15:23 2011


FIT:    data read from 'g2.dat' using ($5*1000):(1./$3)
        format = x:z
        #datapoints = 32
        residuals are weighted equally (unit weight)

function used for fitting: T(x)
fitted parameters initialized with current variable values



 Iteration 0
 WSSR        : 1.97155e+13       delta(WSSR)/WSSR   : 0
 delta(WSSR) : 0                 limit for stopping : 1e-05
 lambda	  : 5.54473e+10

initial set of free parameter values

B               = 1e-05
Ri              = 1

After 22 iterations the fit converged.
final sum of squares of residuals : 609.356
rel. change during last iteration : -7.54629e-11

degrees of freedom    (FIT_NDF)                        : 30
rms of residuals      (FIT_STDFIT) = sqrt(WSSR/ndf)    : 4.50687
variance of residuals (reduced chisquare) = WSSR/ndf   : 20.3119

Final set of parameters            Asymptotic Standard Error
=======================            ==========================

B               = 1.08774e+08      +/- 4.441e+15    (4.083e+09%)
Ri              = 2.12542e+09      +/- 1.221e+18    (5.747e+10%)


correlation matrix of the fit parameters:

               B      Ri     
B               1.000 
Ri              0.989  1.000 


*******************************************************************************
Mon Nov 14 19:15:23 2011


FIT:    data read from 'g2.dat' using ($1/$3*1000):($1*$3/1000)
        format = x:z
        #datapoints = 32
        residuals are weighted equally (unit weight)

function used for fitting: f(x)
fitted parameters initialized with current variable values



 Iteration 0
 WSSR        : 0.083178          delta(WSSR)/WSSR   : 0
 delta(WSSR) : 0                 limit for stopping : 1e-05
 lambda	  : 1.62758e-52

initial set of free parameter values

K               = 2.65765e+29

After 1 iterations the fit converged.
final sum of squares of residuals : 0.083178
rel. change during last iteration : 0

degrees of freedom    (FIT_NDF)                        : 31
rms of residuals      (FIT_STDFIT) = sqrt(WSSR/ndf)    : 0.0517992
variance of residuals (reduced chisquare) = WSSR/ndf   : 0.00268316

Final set of parameters            Asymptotic Standard Error
=======================            ==========================

K               = 2.65765e+29      +/- 5.626e+49    (2.117e+22%)


correlation matrix of the fit parameters:

               K      
K               1.000 


*******************************************************************************
Mon Nov 14 19:15:41 2011


FIT:    data read from 'g2.dat' using ($5*1000):(1./$3)
        format = x:z
        #datapoints = 32
        residuals are weighted equally (unit weight)

function used for fitting: T(x)
fitted parameters initialized with current variable values



 Iteration 0
 WSSR        : 1.97155e+13       delta(WSSR)/WSSR   : 0
 delta(WSSR) : 0                 limit for stopping : 1e-05
 lambda	  : 5.54473e+10

initial set of free parameter values

B               = 1e-05
Ri              = 1

After 22 iterations the fit converged.
final sum of squares of residuals : 609.356
rel. change during last iteration : -7.54629e-11

degrees of freedom    (FIT_NDF)                        : 30
rms of residuals      (FIT_STDFIT) = sqrt(WSSR/ndf)    : 4.50687
variance of residuals (reduced chisquare) = WSSR/ndf   : 20.3119

Final set of parameters            Asymptotic Standard Error
=======================            ==========================

B               = 1.08774e+08      +/- 4.441e+15    (4.083e+09%)
Ri              = 2.12542e+09      +/- 1.221e+18    (5.747e+10%)


correlation matrix of the fit parameters:

               B      Ri     
B               1.000 
Ri              0.989  1.000 


*******************************************************************************
Mon Nov 14 19:15:41 2011


FIT:    data read from 'g2.dat' using ($1/$3*1000):($1*$3/1000)
        format = x:z
        #datapoints = 32
        residuals are weighted equally (unit weight)

function used for fitting: f(x)
fitted parameters initialized with current variable values



 Iteration 0
 WSSR        : 0.083178          delta(WSSR)/WSSR   : 0
 delta(WSSR) : 0                 limit for stopping : 1e-05
 lambda	  : 1.62758e-52

initial set of free parameter values

K               = 2.65765e+29

After 1 iterations the fit converged.
final sum of squares of residuals : 0.083178
rel. change during last iteration : 0

degrees of freedom    (FIT_NDF)                        : 31
rms of residuals      (FIT_STDFIT) = sqrt(WSSR/ndf)    : 0.0517992
variance of residuals (reduced chisquare) = WSSR/ndf   : 0.00268316

Final set of parameters            Asymptotic Standard Error
=======================            ==========================

K               = 2.65765e+29      +/- 5.626e+49    (2.117e+22%)


correlation matrix of the fit parameters:

               K      
K               1.000 


*******************************************************************************
Mon Nov 14 19:16:27 2011


FIT:    data read from 'g2.dat' using ($5*1000):(1./$3)
        format = x:z
        #datapoints = 32
        residuals are weighted equally (unit weight)

function used for fitting: T(x)
fitted parameters initialized with current variable values



 Iteration 0
 WSSR        : 1.97155e+13       delta(WSSR)/WSSR   : 0
 delta(WSSR) : 0                 limit for stopping : 1e-05
 lambda	  : 5.54473e+10

initial set of free parameter values

B               = 1e-05
Ri              = 1

After 22 iterations the fit converged.
final sum of squares of residuals : 609.356
rel. change during last iteration : -7.54629e-11

degrees of freedom    (FIT_NDF)                        : 30
rms of residuals      (FIT_STDFIT) = sqrt(WSSR/ndf)    : 4.50687
variance of residuals (reduced chisquare) = WSSR/ndf   : 20.3119

Final set of parameters            Asymptotic Standard Error
=======================            ==========================

B               = 1.08774e+08      +/- 4.441e+15    (4.083e+09%)
Ri              = 2.12542e+09      +/- 1.221e+18    (5.747e+10%)


correlation matrix of the fit parameters:

               B      Ri     
B               1.000 
Ri              0.989  1.000 


*******************************************************************************
Mon Nov 14 19:16:27 2011


FIT:    data read from 'g2.dat' using ($1/$3*1000):($1*$3/1000)
        format = x:z
        #datapoints = 32
        residuals are weighted equally (unit weight)

function used for fitting: f(x)
fitted parameters initialized with current variable values



 Iteration 0
 WSSR        : 0.083178          delta(WSSR)/WSSR   : 0
 delta(WSSR) : 0                 limit for stopping : 1e-05
 lambda	  : 1.62758e-52

initial set of free parameter values

K               = 2.65765e+29

After 1 iterations the fit converged.
final sum of squares of residuals : 0.083178
rel. change during last iteration : 0

degrees of freedom    (FIT_NDF)                        : 31
rms of residuals      (FIT_STDFIT) = sqrt(WSSR/ndf)    : 0.0517992
variance of residuals (reduced chisquare) = WSSR/ndf   : 0.00268316

Final set of parameters            Asymptotic Standard Error
=======================            ==========================

K               = 2.65765e+29      +/- 5.626e+49    (2.117e+22%)


correlation matrix of the fit parameters:

               K      
K               1.000 


*******************************************************************************
Mon Nov 14 19:18:00 2011


FIT:    data read from 'g2.dat' using ($5*1000):(1./$3)
        format = x:z
        #datapoints = 32
        residuals are weighted equally (unit weight)

function used for fitting: T(x)
fitted parameters initialized with current variable values



 Iteration 0
 WSSR        : 1.97155e+13       delta(WSSR)/WSSR   : 0
 delta(WSSR) : 0                 limit for stopping : 1e-05
 lambda	  : 5.54473e+10

initial set of free parameter values

B               = 1e-05
Ri              = 1

After 22 iterations the fit converged.
final sum of squares of residuals : 609.356
rel. change during last iteration : -7.54629e-11

degrees of freedom    (FIT_NDF)                        : 30
rms of residuals      (FIT_STDFIT) = sqrt(WSSR/ndf)    : 4.50687
variance of residuals (reduced chisquare) = WSSR/ndf   : 20.3119

Final set of parameters            Asymptotic Standard Error
=======================            ==========================

B               = 1.08774e+08      +/- 4.441e+15    (4.083e+09%)
Ri              = 2.12542e+09      +/- 1.221e+18    (5.747e+10%)


correlation matrix of the fit parameters:

               B      Ri     
B               1.000 
Ri              0.989  1.000 


*******************************************************************************
Mon Nov 14 19:18:00 2011


FIT:    data read from 'g2.dat' using ($1/$3*1000):($1*$3/1000)
        format = x:z
        #datapoints = 32
        residuals are weighted equally (unit weight)

function used for fitting: f(x)
fitted parameters initialized with current variable values



 Iteration 0
 WSSR        : 0.083178          delta(WSSR)/WSSR   : 0
 delta(WSSR) : 0                 limit for stopping : 1e-05
 lambda	  : 1.62758e-52

initial set of free parameter values

K               = 2.65765e+29

After 1 iterations the fit converged.
final sum of squares of residuals : 0.083178
rel. change during last iteration : 0

degrees of freedom    (FIT_NDF)                        : 31
rms of residuals      (FIT_STDFIT) = sqrt(WSSR/ndf)    : 0.0517992
variance of residuals (reduced chisquare) = WSSR/ndf   : 0.00268316

Final set of parameters            Asymptotic Standard Error
=======================            ==========================

K               = 2.65765e+29      +/- 5.626e+49    (2.117e+22%)


correlation matrix of the fit parameters:

               K      
K               1.000 


*******************************************************************************
Mon Nov 14 19:26:20 2011


FIT:    data read from 'U09.dat' index 0 using ($5*1000):(1./$3)
        format = x:z
        #datapoints = 34
        residuals are weighted equally (unit weight)

function used for fitting: T(x)
fitted parameters initialized with current variable values



 Iteration 0
 WSSR        : 2.06876e+13       delta(WSSR)/WSSR   : 0
 delta(WSSR) : 0                 limit for stopping : 1e-05
 lambda	  : 5.51019e+10

initial set of free parameter values

B               = 1e-05
Ri              = 1

After 1941 iterations the fit converged.
final sum of squares of residuals : 6.69716e-07
rel. change during last iteration : -5.51232e-06

degrees of freedom    (FIT_NDF)                        : 32
rms of residuals      (FIT_STDFIT) = sqrt(WSSR/ndf)    : 0.000144667
variance of residuals (reduced chisquare) = WSSR/ndf   : 2.09286e-08

Final set of parameters            Asymptotic Standard Error
=======================            ==========================

B               = 14208.3          +/- 2427         (17.08%)
Ri              = -3.45029e-20     +/- 3.085e-19    (894.2%)


correlation matrix of the fit parameters:

               B      Ri     
B               1.000 
Ri              0.999  1.000 


*******************************************************************************
Mon Nov 14 19:26:22 2011


FIT:    data read from 'U09.dat' index 1 using ($3/$1*1000):($3*$1/1000)
        format = x:z
        #datapoints = 38
        residuals are weighted equally (unit weight)

function used for fitting: f(x)
fitted parameters initialized with current variable values



 Iteration 0
 WSSR        : 0.0150968         delta(WSSR)/WSSR   : 0
 delta(WSSR) : 0                 limit for stopping : 1e-05
 lambda	  : 1.7318e-58

initial set of free parameter values

K               = 2.65765e+29

After 1 iterations the fit converged.
final sum of squares of residuals : 0.0150968
rel. change during last iteration : 0

degrees of freedom    (FIT_NDF)                        : 37
rms of residuals      (FIT_STDFIT) = sqrt(WSSR/ndf)    : 0.0201996
variance of residuals (reduced chisquare) = WSSR/ndf   : 0.000408022

Final set of parameters            Asymptotic Standard Error
=======================            ==========================

K               = 2.65765e+29      +/- 1.892e+55    (7.12e+27%)


correlation matrix of the fit parameters:

               K      
K               1.000 


*******************************************************************************
Mon Nov 14 19:30:00 2011


FIT:    data read from 'U09.dat' index 0 using ($5*1000):(1./$3)
        format = x:z
        #datapoints = 34
        residuals are weighted equally (unit weight)

function used for fitting: T(x)
fitted parameters initialized with current variable values



 Iteration 0
 WSSR        : 2.06876e+13       delta(WSSR)/WSSR   : 0
 delta(WSSR) : 0                 limit for stopping : 1e-05
 lambda	  : 5.51019e+10

initial set of free parameter values

B               = 1e-05
Ri              = 1

After 1941 iterations the fit converged.
final sum of squares of residuals : 6.69716e-07
rel. change during last iteration : -5.51232e-06

degrees of freedom    (FIT_NDF)                        : 32
rms of residuals      (FIT_STDFIT) = sqrt(WSSR/ndf)    : 0.000144667
variance of residuals (reduced chisquare) = WSSR/ndf   : 2.09286e-08

Final set of parameters            Asymptotic Standard Error
=======================            ==========================

B               = 14208.3          +/- 2427         (17.08%)
Ri              = -3.45029e-20     +/- 3.085e-19    (894.2%)


correlation matrix of the fit parameters:

               B      Ri     
B               1.000 
Ri              0.999  1.000 


*******************************************************************************
Mon Nov 14 19:30:01 2011


FIT:    data read from 'U09.dat' index 1 using ($1/$3*1000):($1*$3/1000)
        format = x:z
        #datapoints = 38
        residuals are weighted equally (unit weight)

function used for fitting: f(x)
fitted parameters initialized with current variable values



 Iteration 0
 WSSR        : 0.0150968         delta(WSSR)/WSSR   : 0
 delta(WSSR) : 0                 limit for stopping : 1e-05
 lambda	  : 1.7318e-58

initial set of free parameter values

K               = 2.65765e+29

After 1 iterations the fit converged.
final sum of squares of residuals : 0.0150968
rel. change during last iteration : 0

degrees of freedom    (FIT_NDF)                        : 37
rms of residuals      (FIT_STDFIT) = sqrt(WSSR/ndf)    : 0.0201996
variance of residuals (reduced chisquare) = WSSR/ndf   : 0.000408022

Final set of parameters            Asymptotic Standard Error
=======================            ==========================

K               = 2.65765e+29      +/- 1.892e+55    (7.12e+27%)


correlation matrix of the fit parameters:

               K      
K               1.000 


*******************************************************************************
Mon Nov 14 19:30:55 2011


FIT:    data read from 'U09.dat' index 0 using ($5*1000):(1./$3)
        format = x:z
        #datapoints = 34
        residuals are weighted equally (unit weight)

function used for fitting: T(x)
fitted parameters initialized with current variable values



 Iteration 0
 WSSR        : 2.06876e+13       delta(WSSR)/WSSR   : 0
 delta(WSSR) : 0                 limit for stopping : 1e-05
 lambda	  : 5.51019e+10

initial set of free parameter values

B               = 1e-05
Ri              = 1

After 1941 iterations the fit converged.
final sum of squares of residuals : 6.69716e-07
rel. change during last iteration : -5.51232e-06

degrees of freedom    (FIT_NDF)                        : 32
rms of residuals      (FIT_STDFIT) = sqrt(WSSR/ndf)    : 0.000144667
variance of residuals (reduced chisquare) = WSSR/ndf   : 2.09286e-08

Final set of parameters            Asymptotic Standard Error
=======================            ==========================

B               = 14208.3          +/- 2427         (17.08%)
Ri              = -3.45029e-20     +/- 3.085e-19    (894.2%)


correlation matrix of the fit parameters:

               B      Ri     
B               1.000 
Ri              0.999  1.000 


*******************************************************************************
Mon Nov 14 19:30:57 2011


FIT:    data read from 'U09.dat' index 1 using ($1/$3*1000):($1*$3/1000)
        format = x:z
        #datapoints = 38
        residuals are weighted equally (unit weight)

function used for fitting: f(x)
fitted parameters initialized with current variable values



 Iteration 0
 WSSR        : 5706.51           delta(WSSR)/WSSR   : 0
 delta(WSSR) : 0                 limit for stopping : 1e-05
 lambda	  : 12.2319

initial set of free parameter values

K               = 1

After 15 iterations the fit converged.
final sum of squares of residuals : 0.0150968
rel. change during last iteration : -1.36506e-07

degrees of freedom    (FIT_NDF)                        : 37
rms of residuals      (FIT_STDFIT) = sqrt(WSSR/ndf)    : 0.0201996
variance of residuals (reduced chisquare) = WSSR/ndf   : 0.000408022

Final set of parameters            Asymptotic Standard Error
=======================            ==========================

K               = 1.33612e+09      +/- 4.782e+14    (3.579e+07%)


correlation matrix of the fit parameters:

               K      
K               1.000 


*******************************************************************************
Mon Nov 14 19:37:09 2011


FIT:    data read from 'U09.dat' index 0 using ($5*1000):(1./$3)
        format = x:z
        #datapoints = 34
        residuals are weighted equally (unit weight)

function used for fitting: T(x)
fitted parameters initialized with current variable values



 Iteration 0
 WSSR        : 2.06876e+13       delta(WSSR)/WSSR   : 0
 delta(WSSR) : 0                 limit for stopping : 1e-05
 lambda	  : 5.51019e+10

initial set of free parameter values

B               = 1e-05
Ri              = 1

After 1941 iterations the fit converged.
final sum of squares of residuals : 6.69716e-07
rel. change during last iteration : -5.51232e-06

degrees of freedom    (FIT_NDF)                        : 32
rms of residuals      (FIT_STDFIT) = sqrt(WSSR/ndf)    : 0.000144667
variance of residuals (reduced chisquare) = WSSR/ndf   : 2.09286e-08

Final set of parameters            Asymptotic Standard Error
=======================            ==========================

B               = 14208.3          +/- 2427         (17.08%)
Ri              = -3.45029e-20     +/- 3.085e-19    (894.2%)


correlation matrix of the fit parameters:

               B      Ri     
B               1.000 
Ri              0.999  1.000 


*******************************************************************************
Mon Nov 14 19:37:10 2011


FIT:    data read from 'U09.dat' index 1 using ($1/$3*1000):($1*$3/1000)
        format = x:z
        #datapoints = 38
        residuals are weighted equally (unit weight)

function used for fitting: f(x)
fitted parameters initialized with current variable values



 Iteration 0
 WSSR        : 5706.51           delta(WSSR)/WSSR   : 0
 delta(WSSR) : 0                 limit for stopping : 1e-05
 lambda	  : 12.2319

initial set of free parameter values

K               = 1

After 15 iterations the fit converged.
final sum of squares of residuals : 0.0150968
rel. change during last iteration : -1.36506e-07

degrees of freedom    (FIT_NDF)                        : 37
rms of residuals      (FIT_STDFIT) = sqrt(WSSR/ndf)    : 0.0201996
variance of residuals (reduced chisquare) = WSSR/ndf   : 0.000408022

Final set of parameters            Asymptotic Standard Error
=======================            ==========================

K               = 1.33612e+09      +/- 4.782e+14    (3.579e+07%)


correlation matrix of the fit parameters:

               K      
K               1.000 


*******************************************************************************
Mon Nov 14 19:37:18 2011


FIT:    data read from 'g2.dat' using ($5*1000):(1./$3)
        format = x:z
        #datapoints = 38
        residuals are weighted equally (unit weight)

function used for fitting: T(x)
fitted parameters initialized with current variable values

BREAK:          Undefined value during function evaluation



*******************************************************************************
Mon Nov 14 19:37:23 2011


FIT:    data read from 'U09.dat' index 0 using ($5*1000):(1./$3)
        format = x:z
        #datapoints = 34
        residuals are weighted equally (unit weight)

function used for fitting: T(x)
fitted parameters initialized with current variable values



 Iteration 0
 WSSR        : 2.06876e+13       delta(WSSR)/WSSR   : 0
 delta(WSSR) : 0                 limit for stopping : 1e-05
 lambda	  : 5.51019e+10

initial set of free parameter values

B               = 1e-05
Ri              = 1

After 1941 iterations the fit converged.
final sum of squares of residuals : 6.69716e-07
rel. change during last iteration : -5.51232e-06

degrees of freedom    (FIT_NDF)                        : 32
rms of residuals      (FIT_STDFIT) = sqrt(WSSR/ndf)    : 0.000144667
variance of residuals (reduced chisquare) = WSSR/ndf   : 2.09286e-08

Final set of parameters            Asymptotic Standard Error
=======================            ==========================

B               = 14208.3          +/- 2427         (17.08%)
Ri              = -3.45029e-20     +/- 3.085e-19    (894.2%)


correlation matrix of the fit parameters:

               B      Ri     
B               1.000 
Ri              0.999  1.000 


*******************************************************************************
Mon Nov 14 19:37:24 2011


FIT:    data read from 'U09.dat' index 1 using ($1/$3*1000):($1*$3/1000)
        format = x:z
        #datapoints = 38
        residuals are weighted equally (unit weight)

function used for fitting: f(x)
fitted parameters initialized with current variable values



 Iteration 0
 WSSR        : 0.0150968         delta(WSSR)/WSSR   : 0
 delta(WSSR) : 0                 limit for stopping : 1e-05
 lambda	  : 6.8518e-18

initial set of free parameter values

K               = 1.33612e+09

After 1 iterations the fit converged.
final sum of squares of residuals : 0.0150968
rel. change during last iteration : -4.76559e-07

degrees of freedom    (FIT_NDF)                        : 37
rms of residuals      (FIT_STDFIT) = sqrt(WSSR/ndf)    : 0.0201996
variance of residuals (reduced chisquare) = WSSR/ndf   : 0.000408022

Final set of parameters            Asymptotic Standard Error
=======================            ==========================

K               = 1.469e+15        +/- 5.781e+26    (3.935e+13%)


correlation matrix of the fit parameters:

               K      
K               1.000 


*******************************************************************************
Mon Nov 14 19:41:09 2011


FIT:    data read from 'U09.dat' index 0 using ($5*1000):(1./$3)
        format = x:z
        #datapoints = 34
        residuals are weighted equally (unit weight)

function used for fitting: T(x)
fitted parameters initialized with current variable values



 Iteration 0
 WSSR        : 2.06876e+13       delta(WSSR)/WSSR   : 0
 delta(WSSR) : 0                 limit for stopping : 1e-05
 lambda	  : 5.51019e+10

initial set of free parameter values

B               = 1e-05
Ri              = 1

After 1941 iterations the fit converged.
final sum of squares of residuals : 6.69716e-07
rel. change during last iteration : -5.51232e-06

degrees of freedom    (FIT_NDF)                        : 32
rms of residuals      (FIT_STDFIT) = sqrt(WSSR/ndf)    : 0.000144667
variance of residuals (reduced chisquare) = WSSR/ndf   : 2.09286e-08

Final set of parameters            Asymptotic Standard Error
=======================            ==========================

B               = 14208.3          +/- 2427         (17.08%)
Ri              = -3.45029e-20     +/- 3.085e-19    (894.2%)


correlation matrix of the fit parameters:

               B      Ri     
B               1.000 
Ri              0.999  1.000 


*******************************************************************************
Mon Nov 14 19:41:11 2011


FIT:    data read from 'U09.dat' index 1 using ($1/$3*1000):($1*$3/1000)
        format = x:z
        #datapoints = 38
        residuals are weighted equally (unit weight)

function used for fitting: f(x)
fitted parameters initialized with current variable values



 Iteration 0
 WSSR        : 0.0150968         delta(WSSR)/WSSR   : 0
 delta(WSSR) : 0                 limit for stopping : 1e-05
 lambda	  : 5.66826e-30

initial set of free parameter values

K               = 1.469e+15

After 1 iterations the fit converged.
final sum of squares of residuals : 0.0150968
rel. change during last iteration : -4.33542e-13

degrees of freedom    (FIT_NDF)                        : 37
rms of residuals      (FIT_STDFIT) = sqrt(WSSR/ndf)    : 0.0201996
variance of residuals (reduced chisquare) = WSSR/ndf   : 0.000408022

Final set of parameters            Asymptotic Standard Error
=======================            ==========================

K               = 1.77573e+27      +/- 8.447e+50    (4.757e+25%)


correlation matrix of the fit parameters:

               K      
K               1.000 


*******************************************************************************
Mon Nov 14 19:42:20 2011


FIT:    data read from 'U09.dat' index 0 using ($5*1000):(1./$3)
        format = x:z
        #datapoints = 34
        residuals are weighted equally (unit weight)

function used for fitting: T(x)
fitted parameters initialized with current variable values



 Iteration 0
 WSSR        : 2.06876e+13       delta(WSSR)/WSSR   : 0
 delta(WSSR) : 0                 limit for stopping : 1e-05
 lambda	  : 5.51019e+10

initial set of free parameter values

B               = 1e-05
Ri              = 1

After 1941 iterations the fit converged.
final sum of squares of residuals : 6.69716e-07
rel. change during last iteration : -5.51232e-06

degrees of freedom    (FIT_NDF)                        : 32
rms of residuals      (FIT_STDFIT) = sqrt(WSSR/ndf)    : 0.000144667
variance of residuals (reduced chisquare) = WSSR/ndf   : 2.09286e-08

Final set of parameters            Asymptotic Standard Error
=======================            ==========================

B               = 14208.3          +/- 2427         (17.08%)
Ri              = -3.45029e-20     +/- 3.085e-19    (894.2%)


correlation matrix of the fit parameters:

               B      Ri     
B               1.000 
Ri              0.999  1.000 


*******************************************************************************
Mon Nov 14 19:42:21 2011


FIT:    data read from 'U09.dat' index 1 using ($1/$3*1000):($1*$3/1000)
        format = x:z
        #datapoints = 38
        residuals are weighted equally (unit weight)

function used for fitting: f(x)
fitted parameters initialized with current variable values



 Iteration 0
 WSSR        : 0.0150968         delta(WSSR)/WSSR   : 0
 delta(WSSR) : 0                 limit for stopping : 1e-05
 lambda	  : 3.87919e-54

initial set of free parameter values

K               = 1.77573e+27

After 1 iterations the fit converged.
final sum of squares of residuals : 0.0150968
rel. change during last iteration : 0

degrees of freedom    (FIT_NDF)                        : 37
rms of residuals      (FIT_STDFIT) = sqrt(WSSR/ndf)    : 0.0201996
variance of residuals (reduced chisquare) = WSSR/ndf   : 0.000408022

Final set of parameters            Asymptotic Standard Error
=======================            ==========================

K               = 1.77573e+27      +/- 8.447e+50    (4.757e+25%)


correlation matrix of the fit parameters:

               K      
K               1.000 


*******************************************************************************
Mon Nov 14 19:44:06 2011


FIT:    data read from 'U09.dat' index 0 using ($5*1000):(1./$3)
        format = x:z
        #datapoints = 34
        residuals are weighted equally (unit weight)

function used for fitting: T(x)
fitted parameters initialized with current variable values



 Iteration 0
 WSSR        : 2.06876e+13       delta(WSSR)/WSSR   : 0
 delta(WSSR) : 0                 limit for stopping : 1e-05
 lambda	  : 5.51019e+10

initial set of free parameter values

B               = 1e-05
Ri              = 1

After 1941 iterations the fit converged.
final sum of squares of residuals : 6.69716e-07
rel. change during last iteration : -5.51232e-06

degrees of freedom    (FIT_NDF)                        : 32
rms of residuals      (FIT_STDFIT) = sqrt(WSSR/ndf)    : 0.000144667
variance of residuals (reduced chisquare) = WSSR/ndf   : 2.09286e-08

Final set of parameters            Asymptotic Standard Error
=======================            ==========================

B               = 14208.3          +/- 2427         (17.08%)
Ri              = -3.45029e-20     +/- 3.085e-19    (894.2%)


correlation matrix of the fit parameters:

               B      Ri     
B               1.000 
Ri              0.999  1.000 


*******************************************************************************
Mon Nov 14 19:44:07 2011


FIT:    data read from 'U09.dat' index 1 using ($1/$3*1000):($1*$3/1000)
        format = x:z
        #datapoints = 38
        residuals are weighted equally (unit weight)

function used for fitting: f(x)
fitted parameters initialized with current variable values



 Iteration 0
 WSSR        : 0.0150968         delta(WSSR)/WSSR   : 0
 delta(WSSR) : 0                 limit for stopping : 1e-05
 lambda	  : 3.87919e-54

initial set of free parameter values

K               = 1.77573e+27

After 1 iterations the fit converged.
final sum of squares of residuals : 0.0150968
rel. change during last iteration : 0

degrees of freedom    (FIT_NDF)                        : 37
rms of residuals      (FIT_STDFIT) = sqrt(WSSR/ndf)    : 0.0201996
variance of residuals (reduced chisquare) = WSSR/ndf   : 0.000408022

Final set of parameters            Asymptotic Standard Error
=======================            ==========================

K               = 1.77573e+27      +/- 8.447e+50    (4.757e+25%)


correlation matrix of the fit parameters:

               K      
K               1.000 


*******************************************************************************
Mon Nov 14 19:44:46 2011


FIT:    data read from 'U09.dat' index 0 using ($5*1000):(1./$3)
        format = x:z
        #datapoints = 34
        residuals are weighted equally (unit weight)

function used for fitting: T(x)
fitted parameters initialized with current variable values



 Iteration 0
 WSSR        : 2.06876e+13       delta(WSSR)/WSSR   : 0
 delta(WSSR) : 0                 limit for stopping : 1e-05
 lambda	  : 5.51019e+10

initial set of free parameter values

B               = 1e-05
Ri              = 1

After 1941 iterations the fit converged.
final sum of squares of residuals : 6.69716e-07
rel. change during last iteration : -5.51232e-06

degrees of freedom    (FIT_NDF)                        : 32
rms of residuals      (FIT_STDFIT) = sqrt(WSSR/ndf)    : 0.000144667
variance of residuals (reduced chisquare) = WSSR/ndf   : 2.09286e-08

Final set of parameters            Asymptotic Standard Error
=======================            ==========================

B               = 14208.3          +/- 2427         (17.08%)
Ri              = -3.45029e-20     +/- 3.085e-19    (894.2%)


correlation matrix of the fit parameters:

               B      Ri     
B               1.000 
Ri              0.999  1.000 


*******************************************************************************
Mon Nov 14 19:44:47 2011


FIT:    data read from 'U09.dat' index 1 using ($1/$3*1000):($1*$3/1000)
        format = x:z
        #datapoints = 38
        residuals are weighted equally (unit weight)

function used for fitting: f(x)
fitted parameters initialized with current variable values



 Iteration 0
 WSSR        : 0.0150968         delta(WSSR)/WSSR   : 0
 delta(WSSR) : 0                 limit for stopping : 1e-05
 lambda	  : 3.87919e-54

initial set of free parameter values

K               = 1.77573e+27

After 1 iterations the fit converged.
final sum of squares of residuals : 0.0150968
rel. change during last iteration : 0

degrees of freedom    (FIT_NDF)                        : 37
rms of residuals      (FIT_STDFIT) = sqrt(WSSR/ndf)    : 0.0201996
variance of residuals (reduced chisquare) = WSSR/ndf   : 0.000408022

Final set of parameters            Asymptotic Standard Error
=======================            ==========================

K               = 1.77573e+27      +/- 8.447e+50    (4.757e+25%)


correlation matrix of the fit parameters:

               K      
K               1.000 


*******************************************************************************
Mon Nov 14 19:45:13 2011


FIT:    data read from 'U09.dat' index 0 using ($5*1000):(1./$3)
        format = x:z
        #datapoints = 34
        residuals are weighted equally (unit weight)

function used for fitting: T(x)
fitted parameters initialized with current variable values



 Iteration 0
 WSSR        : 2.06876e+13       delta(WSSR)/WSSR   : 0
 delta(WSSR) : 0                 limit for stopping : 1e-05
 lambda	  : 5.51019e+10

initial set of free parameter values

B               = 1e-05
Ri              = 1

After 1941 iterations the fit converged.
final sum of squares of residuals : 6.69716e-07
rel. change during last iteration : -5.51232e-06

degrees of freedom    (FIT_NDF)                        : 32
rms of residuals      (FIT_STDFIT) = sqrt(WSSR/ndf)    : 0.000144667
variance of residuals (reduced chisquare) = WSSR/ndf   : 2.09286e-08

Final set of parameters            Asymptotic Standard Error
=======================            ==========================

B               = 14208.3          +/- 2427         (17.08%)
Ri              = -3.45029e-20     +/- 3.085e-19    (894.2%)


correlation matrix of the fit parameters:

               B      Ri     
B               1.000 
Ri              0.999  1.000 


*******************************************************************************
Mon Nov 14 19:45:14 2011


FIT:    data read from 'U09.dat' index 1 using ($1/$3*1000):($1*$3/1000)
        format = x:z
        #datapoints = 37
        residuals are weighted equally (unit weight)

function used for fitting: f(x)
fitted parameters initialized with current variable values



 Iteration 0
 WSSR        : 0.0150968         delta(WSSR)/WSSR   : 0
 delta(WSSR) : 0                 limit for stopping : 1e-05
 lambda	  : 3.83334e-54

initial set of free parameter values

K               = 1.77573e+27

After 1 iterations the fit converged.
final sum of squares of residuals : 0.0150968
rel. change during last iteration : 0

degrees of freedom    (FIT_NDF)                        : 36
rms of residuals      (FIT_STDFIT) = sqrt(WSSR/ndf)    : 0.0204782
variance of residuals (reduced chisquare) = WSSR/ndf   : 0.000419356

Final set of parameters            Asymptotic Standard Error
=======================            ==========================

K               = 1.77573e+27      +/- 8.782e+50    (4.946e+25%)


correlation matrix of the fit parameters:

               K      
K               1.000 


*******************************************************************************
Mon Nov 14 19:48:46 2011


FIT:    data read from 'U09.dat' index 0 using ($5*1000):(1./$3)
        format = x:z
        #datapoints = 34
        residuals are weighted equally (unit weight)

function used for fitting: T(x)
fitted parameters initialized with current variable values



 Iteration 0
 WSSR        : 2.06876e+13       delta(WSSR)/WSSR   : 0
 delta(WSSR) : 0                 limit for stopping : 1e-05
 lambda	  : 5.51019e+10

initial set of free parameter values

B               = 1e-05
Ri              = 1

After 1941 iterations the fit converged.
final sum of squares of residuals : 6.69716e-07
rel. change during last iteration : -5.51232e-06

degrees of freedom    (FIT_NDF)                        : 32
rms of residuals      (FIT_STDFIT) = sqrt(WSSR/ndf)    : 0.000144667
variance of residuals (reduced chisquare) = WSSR/ndf   : 2.09286e-08

Final set of parameters            Asymptotic Standard Error
=======================            ==========================

B               = 14208.3          +/- 2427         (17.08%)
Ri              = -3.45029e-20     +/- 3.085e-19    (894.2%)


correlation matrix of the fit parameters:

               B      Ri     
B               1.000 
Ri              0.999  1.000 


*******************************************************************************
Mon Nov 14 19:48:47 2011


FIT:    data read from 'U09.dat' index 1 using ($1/$3*1000):($1*$3/1000)
        format = x:z
        #datapoints = 38
        residuals are weighted equally (unit weight)

function used for fitting: f(x)
fitted parameters initialized with current variable values



 Iteration 0
 WSSR        : 0.0150968         delta(WSSR)/WSSR   : 0
 delta(WSSR) : 0                 limit for stopping : 1e-05
 lambda	  : 3.87919e-54

initial set of free parameter values

K               = 1.77573e+27

After 1 iterations the fit converged.
final sum of squares of residuals : 0.0150968
rel. change during last iteration : 0

degrees of freedom    (FIT_NDF)                        : 37
rms of residuals      (FIT_STDFIT) = sqrt(WSSR/ndf)    : 0.0201996
variance of residuals (reduced chisquare) = WSSR/ndf   : 0.000408022

Final set of parameters            Asymptotic Standard Error
=======================            ==========================

K               = 1.77573e+27      +/- 8.447e+50    (4.757e+25%)


correlation matrix of the fit parameters:

               K      
K               1.000 


*******************************************************************************
Mon Nov 14 19:51:24 2011


FIT:    data read from 'U09.dat' index 0 using ($5*1000):(1./$3)
        format = x:z
        #datapoints = 34
        residuals are weighted equally (unit weight)

function used for fitting: T(x)
fitted parameters initialized with current variable values



 Iteration 0
 WSSR        : 0.000223655       delta(WSSR)/WSSR   : 0
 delta(WSSR) : 0                 limit for stopping : 1e-05
 lambda	  : 22.7985

initial set of free parameter values

B               = 3100
Ri              = 1e-05

After 1650 iterations the fit converged.
final sum of squares of residuals : 2.87471e-07
rel. change during last iteration : 0

degrees of freedom    (FIT_NDF)                        : 32
rms of residuals      (FIT_STDFIT) = sqrt(WSSR/ndf)    : 9.47811e-05
variance of residuals (reduced chisquare) = WSSR/ndf   : 8.98346e-09

Final set of parameters            Asymptotic Standard Error
=======================            ==========================

B               = 20940            +/- 3454         (16.49%)
Ri              = -9.66591e-31     +/- 3.611e-31    (0%)


correlation matrix of the fit parameters:

               B      Ri     
B               1.000 
Ri             -1.000  1.000 


*******************************************************************************
Mon Nov 14 19:51:26 2011


FIT:    data read from 'U09.dat' index 1 using ($1/$3*1000):($1*$3/1000)
        format = x:z
        #datapoints = 38
        residuals are weighted equally (unit weight)

function used for fitting: f(x)
fitted parameters initialized with current variable values



 Iteration 0
 WSSR        : 6855.25           delta(WSSR)/WSSR   : 0
 delta(WSSR) : 0                 limit for stopping : 1e-05
 lambda	  : 13.4055

initial set of free parameter values

K               = 1

After 15 iterations the fit converged.
final sum of squares of residuals : 0.0150968
rel. change during last iteration : -1.58478e-09

degrees of freedom    (FIT_NDF)                        : 37
rms of residuals      (FIT_STDFIT) = sqrt(WSSR/ndf)    : 0.0201996
variance of residuals (reduced chisquare) = WSSR/ndf   : 0.000408022

Final set of parameters            Asymptotic Standard Error
=======================            ==========================

K               = 3.71944e+09      +/- 3.382e+15    (9.092e+07%)


correlation matrix of the fit parameters:

               K      
K               1.000 


*******************************************************************************
Mon Nov 14 19:55:02 2011


FIT:    data read from 'U09.dat' index 0 using ($5*1000):(1./$3)
        format = x:z
        #datapoints = 34
        residuals are weighted equally (unit weight)

function used for fitting: T(x)
fitted parameters initialized with current variable values



 Iteration 0
 WSSR        : 0.000223655       delta(WSSR)/WSSR   : 0
 delta(WSSR) : 0                 limit for stopping : 1e-05
 lambda	  : 22.7985

initial set of free parameter values

B               = 3100
Ri              = 1e-05

After 1650 iterations the fit converged.
final sum of squares of residuals : 2.87471e-07
rel. change during last iteration : 0

degrees of freedom    (FIT_NDF)                        : 32
rms of residuals      (FIT_STDFIT) = sqrt(WSSR/ndf)    : 9.47811e-05
variance of residuals (reduced chisquare) = WSSR/ndf   : 8.98346e-09

Final set of parameters            Asymptotic Standard Error
=======================            ==========================

B               = 20940            +/- 3454         (16.49%)
Ri              = -9.66591e-31     +/- 3.611e-31    (0%)


correlation matrix of the fit parameters:

               B      Ri     
B               1.000 
Ri             -1.000  1.000 


*******************************************************************************
Mon Nov 14 19:55:04 2011


FIT:    data read from 'U09.dat' index 1 using ($1/$3*1000):($1*$3/1000)
        format = x:z
        #datapoints = 38
        residuals are weighted equally (unit weight)

function used for fitting: f(x)
fitted parameters initialized with current variable values



 Iteration 0
 WSSR        : 6855.25           delta(WSSR)/WSSR   : 0
 delta(WSSR) : 0                 limit for stopping : 1e-05
 lambda	  : 13.4055

initial set of free parameter values

K               = 1

After 15 iterations the fit converged.
final sum of squares of residuals : 0.0150968
rel. change during last iteration : -1.58478e-09

degrees of freedom    (FIT_NDF)                        : 37
rms of residuals      (FIT_STDFIT) = sqrt(WSSR/ndf)    : 0.0201996
variance of residuals (reduced chisquare) = WSSR/ndf   : 0.000408022

Final set of parameters            Asymptotic Standard Error
=======================            ==========================

K               = 3.71944e+09      +/- 3.382e+15    (9.092e+07%)


correlation matrix of the fit parameters:

               K      
K               1.000 


*******************************************************************************
Mon Nov 14 19:57:00 2011


FIT:    data read from 'U09.dat' index 0 using ($5*1000):(1./$3)
        format = x:z
        #datapoints = 66
        residuals are weighted equally (unit weight)

function used for fitting: T(x)
fitted parameters initialized with current variable values



 Iteration 0
 WSSR        : 3.54448e+13       delta(WSSR)/WSSR   : 0
 delta(WSSR) : 0                 limit for stopping : 1e-05
 lambda	  : 5.17673e+10

initial set of free parameter values

B               = 1e-05
Ri              = 1

After 33 iterations the fit converged.
final sum of squares of residuals : 1.54551e-08
rel. change during last iteration : -9.45374e-11

degrees of freedom    (FIT_NDF)                        : 64
rms of residuals      (FIT_STDFIT) = sqrt(WSSR/ndf)    : 1.55398e-05
variance of residuals (reduced chisquare) = WSSR/ndf   : 2.41487e-10

Final set of parameters            Asymptotic Standard Error
=======================            ==========================

B               = 3144.73          +/- 10.44        (0.3321%)
Ri              = 0.0137949        +/- 0.0005278    (3.826%)


correlation matrix of the fit parameters:

               B      Ri     
B               1.000 
Ri             -0.988  1.000 


*******************************************************************************
Mon Nov 14 19:57:01 2011


FIT:    data read from 'U09.dat' index 1 using ($1/$3*1000):($1*$3/1000)
        format = x:z
        #datapoints = 40
        residuals are weighted equally (unit weight)

function used for fitting: f(x)
fitted parameters initialized with current variable values



 Iteration 0
 WSSR        : 60961.2           delta(WSSR)/WSSR   : 0
 delta(WSSR) : 0                 limit for stopping : 1e-05
 lambda	  : 39.0188

initial set of free parameter values

K               = 1

After 16 iterations the fit converged.
final sum of squares of residuals : 2.83722e-05
rel. change during last iteration : -2.5542e-11

degrees of freedom    (FIT_NDF)                        : 39
rms of residuals      (FIT_STDFIT) = sqrt(WSSR/ndf)    : 0.000852931
variance of residuals (reduced chisquare) = WSSR/ndf   : 7.27491e-07

Final set of parameters            Asymptotic Standard Error
=======================            ==========================

K               = 2050.85          +/- 14.54        (0.7088%)


correlation matrix of the fit parameters:

               K      
K               1.000 


*******************************************************************************
Mon Nov 14 20:26:32 2011


FIT:    data read from 'U09.dat' index 0 using ($5*1000):(1./$3)
        format = x:z
        #datapoints = 66
        residuals are weighted equally (unit weight)

function used for fitting: T(x)
fitted parameters initialized with current variable values



 Iteration 0
 WSSR        : 3.54448e+13       delta(WSSR)/WSSR   : 0
 delta(WSSR) : 0                 limit for stopping : 1e-05
 lambda	  : 5.17673e+10

initial set of free parameter values

B               = 1e-05
Ri              = 1

After 33 iterations the fit converged.
final sum of squares of residuals : 1.54551e-08
rel. change during last iteration : -9.45374e-11

degrees of freedom    (FIT_NDF)                        : 64
rms of residuals      (FIT_STDFIT) = sqrt(WSSR/ndf)    : 1.55398e-05
variance of residuals (reduced chisquare) = WSSR/ndf   : 2.41487e-10

Final set of parameters            Asymptotic Standard Error
=======================            ==========================

B               = 3144.73          +/- 10.44        (0.3321%)
Ri              = 0.0137949        +/- 0.0005278    (3.826%)


correlation matrix of the fit parameters:

               B      Ri     
B               1.000 
Ri             -0.988  1.000 


*******************************************************************************
Mon Nov 14 20:26:32 2011


FIT:    data read from 'U09.dat' index 1 using ($1/$3*1000):($1*$3/1000)
        format = x:z
        #datapoints = 40
        residuals are weighted equally (unit weight)

function used for fitting: f(x)
fitted parameters initialized with current variable values



 Iteration 0
 WSSR        : 2.83722e-05       delta(WSSR)/WSSR   : 0
 delta(WSSR) : 0                 limit for stopping : 1e-05
 lambda	  : 9.27694e-06

initial set of free parameter values

K               = 2050.85

After 1 iterations the fit converged.
final sum of squares of residuals : 2.83722e-05
rel. change during last iteration : 0

degrees of freedom    (FIT_NDF)                        : 39
rms of residuals      (FIT_STDFIT) = sqrt(WSSR/ndf)    : 0.000852931
variance of residuals (reduced chisquare) = WSSR/ndf   : 7.27491e-07

Final set of parameters            Asymptotic Standard Error
=======================            ==========================

K               = 2050.85          +/- 14.54        (0.7088%)


correlation matrix of the fit parameters:

               K      
K               1.000 


*******************************************************************************
Mon Nov 14 20:27:34 2011


FIT:    data read from 'U09.dat' index 0 using ($5*1000):(1./$3)
        format = x:z
        #datapoints = 66
        residuals are weighted equally (unit weight)

function used for fitting: T(x)
fitted parameters initialized with current variable values



 Iteration 0
 WSSR        : 3.54448e+13       delta(WSSR)/WSSR   : 0
 delta(WSSR) : 0                 limit for stopping : 1e-05
 lambda	  : 5.17673e+10

initial set of free parameter values

B               = 1e-05
Ri              = 1

After 33 iterations the fit converged.
final sum of squares of residuals : 1.54551e-08
rel. change during last iteration : -9.45374e-11

degrees of freedom    (FIT_NDF)                        : 64
rms of residuals      (FIT_STDFIT) = sqrt(WSSR/ndf)    : 1.55398e-05
variance of residuals (reduced chisquare) = WSSR/ndf   : 2.41487e-10

Final set of parameters            Asymptotic Standard Error
=======================            ==========================

B               = 3144.73          +/- 10.44        (0.3321%)
Ri              = 0.0137949        +/- 0.0005278    (3.826%)


correlation matrix of the fit parameters:

               B      Ri     
B               1.000 
Ri             -0.988  1.000 


*******************************************************************************
Mon Nov 14 20:27:34 2011


FIT:    data read from 'U09.dat' index 1 using ($1/$3*1000):($1*$3/1000)
        format = x:z
        #datapoints = 40
        residuals are weighted equally (unit weight)

function used for fitting: f(x)
fitted parameters initialized with current variable values



 Iteration 0
 WSSR        : 2.83722e-05       delta(WSSR)/WSSR   : 0
 delta(WSSR) : 0                 limit for stopping : 1e-05
 lambda	  : 9.27694e-06

initial set of free parameter values

K               = 2050.85

After 1 iterations the fit converged.
final sum of squares of residuals : 2.83722e-05
rel. change during last iteration : 0

degrees of freedom    (FIT_NDF)                        : 39
rms of residuals      (FIT_STDFIT) = sqrt(WSSR/ndf)    : 0.000852931
variance of residuals (reduced chisquare) = WSSR/ndf   : 7.27491e-07

Final set of parameters            Asymptotic Standard Error
=======================            ==========================

K               = 2050.85          +/- 14.54        (0.7088%)


correlation matrix of the fit parameters:

               K      
K               1.000 
