

*******************************************************************************
Sat Mar 26 14:45:46 2011


FIT:    data read from "graf1.dat" u 1:2:3
        format = x:z:s
        #datapoints = 6
function used for fitting: f(x)
fitted parameters initialized with current variable values



 Iteration 0
 WSSR        : 2.36498e+12       delta(WSSR)/WSSR   : 0
 delta(WSSR) : 0                 limit for stopping : 1e-05
 lambda	  : 350912

initial set of free parameter values

A               = 1
B               = 1
C               = 1

After 6 iterations the fit converged.
final sum of squares of residuals : 33.7429
rel. change during last iteration : -5.3602e-12

degrees of freedom    (FIT_NDF)                        : 3
rms of residuals      (FIT_STDFIT) = sqrt(WSSR/ndf)    : 3.35375
variance of residuals (reduced chisquare) = WSSR/ndf   : 11.2476

Final set of parameters            Asymptotic Standard Error
=======================            ==========================

A               = 3.89487e-05      +/- 4.83e-06     (12.4%)
B               = 0.00209966       +/- 0.000136     (6.476%)
C               = -4.52047e-05     +/- 0.0003343    (739.5%)


correlation matrix of the fit parameters:

               A      B      C      
A               1.000 
B              -0.880  1.000 
C               0.174 -0.295  1.000 


*******************************************************************************
Sat Mar 26 14:58:22 2011


FIT:    data read from "graf1.dat" u 1:2:3
        format = x:z:s
        #datapoints = 6
function used for fitting: f(x)
fitted parameters initialized with current variable values



 Iteration 0
 WSSR        : 2.36498e+12       delta(WSSR)/WSSR   : 0
 delta(WSSR) : 0                 limit for stopping : 1e-05
 lambda	  : 350912

initial set of free parameter values

A               = 1
B               = 1
C               = 1

After 6 iterations the fit converged.
final sum of squares of residuals : 33.7429
rel. change during last iteration : -5.3602e-12

degrees of freedom    (FIT_NDF)                        : 3
rms of residuals      (FIT_STDFIT) = sqrt(WSSR/ndf)    : 3.35375
variance of residuals (reduced chisquare) = WSSR/ndf   : 11.2476

Final set of parameters            Asymptotic Standard Error
=======================            ==========================

A               = 3.89487e-05      +/- 4.83e-06     (12.4%)
B               = 0.00209966       +/- 0.000136     (6.476%)
C               = -4.52047e-05     +/- 0.0003343    (739.5%)


correlation matrix of the fit parameters:

               A      B      C      
A               1.000 
B              -0.880  1.000 
C               0.174 -0.295  1.000 


*******************************************************************************
Sat Mar 26 15:08:28 2011


FIT:    data read from "graf1.dat" u 1:2:3
        format = x:z:s
        #datapoints = 6
function used for fitting: f(x)
fitted parameters initialized with current variable values



 Iteration 0
 WSSR        : 2.36498e+12       delta(WSSR)/WSSR   : 0
 delta(WSSR) : 0                 limit for stopping : 1e-05
 lambda	  : 350912

initial set of free parameter values

A               = 1
B               = 1
C               = 1

After 6 iterations the fit converged.
final sum of squares of residuals : 33.7429
rel. change during last iteration : -5.3602e-12

degrees of freedom    (FIT_NDF)                        : 3
rms of residuals      (FIT_STDFIT) = sqrt(WSSR/ndf)    : 3.35375
variance of residuals (reduced chisquare) = WSSR/ndf   : 11.2476

Final set of parameters            Asymptotic Standard Error
=======================            ==========================

A               = 3.89487e-05      +/- 4.83e-06     (12.4%)
B               = 0.00209966       +/- 0.000136     (6.476%)
C               = -4.52047e-05     +/- 0.0003343    (739.5%)


correlation matrix of the fit parameters:

               A      B      C      
A               1.000 
B              -0.880  1.000 
C               0.174 -0.295  1.000 


*******************************************************************************
Sat Mar 26 15:23:58 2011


FIT:    data read from "graf1.dat" u 1:2:3
        format = x:z:s
        #datapoints = 6
function used for fitting: f(x)


*******************************************************************************
Sat Mar 26 15:24:19 2011


FIT:    data read from "graf1.dat" u 1:2:3
        format = x:z:s
        #datapoints = 6
function used for fitting: f(x)
fitted parameters initialized with current variable values



 Iteration 0
 WSSR        : 2.36498e+12       delta(WSSR)/WSSR   : 0
 delta(WSSR) : 0                 limit for stopping : 1e-05
 lambda	  : 350912

initial set of free parameter values

A               = 1
B               = 1
C               = 1

After 6 iterations the fit converged.
final sum of squares of residuals : 33.7429
rel. change during last iteration : -5.3602e-12

degrees of freedom    (FIT_NDF)                        : 3
rms of residuals      (FIT_STDFIT) = sqrt(WSSR/ndf)    : 3.35375
variance of residuals (reduced chisquare) = WSSR/ndf   : 11.2476

Final set of parameters            Asymptotic Standard Error
=======================            ==========================

A               = 3.89487e-05      +/- 4.83e-06     (12.4%)
B               = 0.00209966       +/- 0.000136     (6.476%)
C               = -4.52047e-05     +/- 0.0003343    (739.5%)


correlation matrix of the fit parameters:

               A      B      C      
A               1.000 
B              -0.880  1.000 
C               0.174 -0.295  1.000 
