

*******************************************************************************
Thu Apr 28 19:51:53 2011


FIT:    data read from "./g1_1.gp"
        format = z
        #datapoints = 12
        residuals are weighted equally (unit weight)

function used for fitting: f1(x)
fitted parameters initialized with current variable values



 Iteration 0
 WSSR        : 11.7201           delta(WSSR)/WSSR   : 0
 delta(WSSR) : 0                 limit for stopping : 1e-05
 lambda	  : 1.4411

initial set of free parameter values

A1              = 1

After 3 iterations the fit converged.
final sum of squares of residuals : 0.0342646
rel. change during last iteration : -1.39907e-06

degrees of freedom    (FIT_NDF)                        : 11
rms of residuals      (FIT_STDFIT) = sqrt(WSSR/ndf)    : 0.0558119
variance of residuals (reduced chisquare) = WSSR/ndf   : 0.00311497

Final set of parameters            Asymptotic Standard Error
=======================            ==========================

A1              = 1.68477          +/- 0.01118      (0.6636%)


correlation matrix of the fit parameters:

               A1     
A1              1.000 


*******************************************************************************
Thu Apr 28 19:53:36 2011


FIT:    data read from "./g1_2.gp"
        format = z
	y range restricted to [0.00000 : 0.600000]
        #datapoints = 10
        residuals are weighted equally (unit weight)

function used for fitting: f2(x)
fitted parameters initialized with current variable values



 Iteration 0
 WSSR        : 174.394           delta(WSSR)/WSSR   : 0
 delta(WSSR) : 0                 limit for stopping : 1e-05
 lambda	  : 0.393142

initial set of free parameter values

A2              = 1

After 3 iterations the fit converged.
final sum of squares of residuals : 1.57253
rel. change during last iteration : -9.0645e-07

degrees of freedom    (FIT_NDF)                        : 9
rms of residuals      (FIT_STDFIT) = sqrt(WSSR/ndf)    : 0.418002
variance of residuals (reduced chisquare) = WSSR/ndf   : 0.174726

Final set of parameters            Asymptotic Standard Error
=======================            ==========================

A2              = 11.5742          +/- 0.3362       (2.905%)


correlation matrix of the fit parameters:

               A2     
A2              1.000 


*******************************************************************************
Thu Apr 28 19:54:35 2011


FIT:    data read from "./g1_3.gp"
        format = z
	y range restricted to [0.00000 : 0.800000]
        #datapoints = 8
        residuals are weighted equally (unit weight)

function used for fitting: f3(x)
fitted parameters initialized with current variable values



 Iteration 0
 WSSR        : 78.1971           delta(WSSR)/WSSR   : 0
 delta(WSSR) : 0                 limit for stopping : 1e-05
 lambda	  : 0.49439

initial set of free parameter values

A3              = 1

After 3 iterations the fit converged.
final sum of squares of residuals : 0.479702
rel. change during last iteration : -3.11743e-06

degrees of freedom    (FIT_NDF)                        : 7
rms of residuals      (FIT_STDFIT) = sqrt(WSSR/ndf)    : 0.26178
variance of residuals (reduced chisquare) = WSSR/ndf   : 0.0685288

Final set of parameters            Asymptotic Standard Error
=======================            ==========================

A3              = 7.30441          +/- 0.1872       (2.563%)


correlation matrix of the fit parameters:

               A3     
A3              1.000 
