

*******************************************************************************
Mon Nov 14 19:35:14 2011


FIT:    data read from 'U09.dat' index 0 using ($5*1000):(1./$3)
        format = x:z
        #datapoints = 66
        residuals are weighted equally (unit weight)

function used for fitting: T(x)
fitted parameters initialized with current variable values



 Iteration 0
 WSSR        : 3.54448e+13       delta(WSSR)/WSSR   : 0
 delta(WSSR) : 0                 limit for stopping : 1e-05
 lambda	  : 5.17673e+10

initial set of free parameter values

B               = 1e-05
Ri              = 1

After 33 iterations the fit converged.
final sum of squares of residuals : 1.54551e-08
rel. change during last iteration : -9.45374e-11

degrees of freedom    (FIT_NDF)                        : 64
rms of residuals      (FIT_STDFIT) = sqrt(WSSR/ndf)    : 1.55398e-05
variance of residuals (reduced chisquare) = WSSR/ndf   : 2.41487e-10

Final set of parameters            Asymptotic Standard Error
=======================            ==========================

B               = 3144.73          +/- 10.44        (0.3321%)
Ri              = 0.0137949        +/- 0.0005278    (3.826%)


correlation matrix of the fit parameters:

               B      Ri     
B               1.000 
Ri             -0.988  1.000 


*******************************************************************************
Mon Nov 14 19:35:14 2011


FIT:    data read from 'U09.dat' index 1 using ($1/$3*1000):($1*$3/1000)
        format = x:z
        #datapoints = 40
        residuals are weighted equally (unit weight)

function used for fitting: f(x)
fitted parameters initialized with current variable values



 Iteration 0
 WSSR        : 60961.2           delta(WSSR)/WSSR   : 0
 delta(WSSR) : 0                 limit for stopping : 1e-05
 lambda	  : 39.0188

initial set of free parameter values

K               = 1

After 16 iterations the fit converged.
final sum of squares of residuals : 2.83722e-05
rel. change during last iteration : -2.5542e-11

degrees of freedom    (FIT_NDF)                        : 39
rms of residuals      (FIT_STDFIT) = sqrt(WSSR/ndf)    : 0.000852931
variance of residuals (reduced chisquare) = WSSR/ndf   : 7.27491e-07

Final set of parameters            Asymptotic Standard Error
=======================            ==========================

K               = 2050.85          +/- 14.54        (0.7088%)


correlation matrix of the fit parameters:

               K      
K               1.000 


*******************************************************************************
Mon Nov 14 19:41:41 2011


FIT:    data read from 'U09.dat' index 0 using ($5*1000):(1./$3)
        format = x:z
        #datapoints = 66
        residuals are weighted equally (unit weight)

function used for fitting: T(x)
fitted parameters initialized with current variable values



 Iteration 0
 WSSR        : 3.54448e+13       delta(WSSR)/WSSR   : 0
 delta(WSSR) : 0                 limit for stopping : 1e-05
 lambda	  : 5.17673e+10

initial set of free parameter values

B               = 1e-05
Ri              = 1

After 33 iterations the fit converged.
final sum of squares of residuals : 1.54551e-08
rel. change during last iteration : -9.45374e-11

degrees of freedom    (FIT_NDF)                        : 64
rms of residuals      (FIT_STDFIT) = sqrt(WSSR/ndf)    : 1.55398e-05
variance of residuals (reduced chisquare) = WSSR/ndf   : 2.41487e-10

Final set of parameters            Asymptotic Standard Error
=======================            ==========================

B               = 3144.73          +/- 10.44        (0.3321%)
Ri              = 0.0137949        +/- 0.0005278    (3.826%)


correlation matrix of the fit parameters:

               B      Ri     
B               1.000 
Ri             -0.988  1.000 


*******************************************************************************
Mon Nov 14 19:41:41 2011


FIT:    data read from 'U09.dat' index 1 using ($1/$3*1000):($1*$3/1000)
        format = x:z
        #datapoints = 40
        residuals are weighted equally (unit weight)

function used for fitting: f(x)
fitted parameters initialized with current variable values



 Iteration 0
 WSSR        : 60961.2           delta(WSSR)/WSSR   : 0
 delta(WSSR) : 0                 limit for stopping : 1e-05
 lambda	  : 39.0188

initial set of free parameter values

K               = 1

After 16 iterations the fit converged.
final sum of squares of residuals : 2.83722e-05
rel. change during last iteration : -2.5542e-11

degrees of freedom    (FIT_NDF)                        : 39
rms of residuals      (FIT_STDFIT) = sqrt(WSSR/ndf)    : 0.000852931
variance of residuals (reduced chisquare) = WSSR/ndf   : 7.27491e-07

Final set of parameters            Asymptotic Standard Error
=======================            ==========================

K               = 2050.85          +/- 14.54        (0.7088%)


correlation matrix of the fit parameters:

               K      
K               1.000 


*******************************************************************************
Mon Nov 14 19:42:33 2011


FIT:    data read from 'U09.dat' index 0 using ($5*1000):(1./$3)
        format = x:z
        #datapoints = 66
        residuals are weighted equally (unit weight)

function used for fitting: T(x)
fitted parameters initialized with current variable values



 Iteration 0
 WSSR        : 3.54448e+13       delta(WSSR)/WSSR   : 0
 delta(WSSR) : 0                 limit for stopping : 1e-05
 lambda	  : 5.17673e+10

initial set of free parameter values

B               = 1e-05
Ri              = 1

After 33 iterations the fit converged.
final sum of squares of residuals : 1.54551e-08
rel. change during last iteration : -9.45374e-11

degrees of freedom    (FIT_NDF)                        : 64
rms of residuals      (FIT_STDFIT) = sqrt(WSSR/ndf)    : 1.55398e-05
variance of residuals (reduced chisquare) = WSSR/ndf   : 2.41487e-10

Final set of parameters            Asymptotic Standard Error
=======================            ==========================

B               = 3144.73          +/- 10.44        (0.3321%)
Ri              = 0.0137949        +/- 0.0005278    (3.826%)


correlation matrix of the fit parameters:

               B      Ri     
B               1.000 
Ri             -0.988  1.000 


*******************************************************************************
Mon Nov 14 19:42:33 2011


FIT:    data read from 'U09.dat' index 1 using ($1/$3*1000):($1*$3/1000)
        format = x:z
        #datapoints = 40
        residuals are weighted equally (unit weight)

function used for fitting: f(x)
fitted parameters initialized with current variable values



 Iteration 0
 WSSR        : 2.83722e-05       delta(WSSR)/WSSR   : 0
 delta(WSSR) : 0                 limit for stopping : 1e-05
 lambda	  : 9.27694e-06

initial set of free parameter values

K               = 2050.85

After 1 iterations the fit converged.
final sum of squares of residuals : 2.83722e-05
rel. change during last iteration : 0

degrees of freedom    (FIT_NDF)                        : 39
rms of residuals      (FIT_STDFIT) = sqrt(WSSR/ndf)    : 0.000852931
variance of residuals (reduced chisquare) = WSSR/ndf   : 7.27491e-07

Final set of parameters            Asymptotic Standard Error
=======================            ==========================

K               = 2050.85          +/- 14.54        (0.7088%)


correlation matrix of the fit parameters:

               K      
K               1.000 


*******************************************************************************
Mon Nov 14 19:54:45 2011


FIT:    data read from 'U09.dat' index 0 using ($5*1000):(1./$3)
        format = x:z
        #datapoints = 66
        residuals are weighted equally (unit weight)

function used for fitting: T(x)
fitted parameters initialized with current variable values



 Iteration 0
 WSSR        : 3.54448e+13       delta(WSSR)/WSSR   : 0
 delta(WSSR) : 0                 limit for stopping : 1e-05
 lambda	  : 5.17673e+10

initial set of free parameter values

B               = 1e-05
Ri              = 1

After 33 iterations the fit converged.
final sum of squares of residuals : 1.54551e-08
rel. change during last iteration : -9.45374e-11

degrees of freedom    (FIT_NDF)                        : 64
rms of residuals      (FIT_STDFIT) = sqrt(WSSR/ndf)    : 1.55398e-05
variance of residuals (reduced chisquare) = WSSR/ndf   : 2.41487e-10

Final set of parameters            Asymptotic Standard Error
=======================            ==========================

B               = 3144.73          +/- 10.44        (0.3321%)
Ri              = 0.0137949        +/- 0.0005278    (3.826%)


correlation matrix of the fit parameters:

               B      Ri     
B               1.000 
Ri             -0.988  1.000 


*******************************************************************************
Mon Nov 14 19:54:46 2011


FIT:    data read from 'U09.dat' index 1 using ($1/$3*1000):($1*$3/1000)
        format = x:z
        #datapoints = 40
        residuals are weighted equally (unit weight)

function used for fitting: f(x)
fitted parameters initialized with current variable values



 Iteration 0
 WSSR        : 2.83722e-05       delta(WSSR)/WSSR   : 0
 delta(WSSR) : 0                 limit for stopping : 1e-05
 lambda	  : 9.27694e-06

initial set of free parameter values

K               = 2050.85

After 1 iterations the fit converged.
final sum of squares of residuals : 2.83722e-05
rel. change during last iteration : 0

degrees of freedom    (FIT_NDF)                        : 39
rms of residuals      (FIT_STDFIT) = sqrt(WSSR/ndf)    : 0.000852931
variance of residuals (reduced chisquare) = WSSR/ndf   : 7.27491e-07

Final set of parameters            Asymptotic Standard Error
=======================            ==========================

K               = 2050.85          +/- 14.54        (0.7088%)


correlation matrix of the fit parameters:

               K      
K               1.000 
